<?xml version="1.0" encoding="UTF-8"?>
<TestRun id="4777f9d8-9540-4fc7-99c7-28e01ce50c1d" name="menohack@MENORIG 2011-11-18 15:56:08" runUser="menorig\menohack" xmlns="http://microsoft.com/schemas/VisualStudio/TeamTest/2010">
  <TestSettings name="Local" id="13f8ba92-f257-411c-8315-4e843336acc1">
    <Description>These are default test settings for a local test run.</Description>
    <Deployment enabled="false" runDeploymentRoot="menohack_MENORIG 2011-11-18 15_56_08" />
    <Execution>
      <TestTypeSpecific />
      <AgentRule name="Execution Agents">
      </AgentRule>
    </Execution>
  </TestSettings>
  <Times creation="2011-11-18T15:56:08.3140000-05:00" queuing="2011-11-18T15:56:09.5300000-05:00" start="2011-11-18T15:56:09.6480000-05:00" finish="2011-11-18T15:56:10.8040000-05:00" />
  <ResultSummary outcome="Failed">
    <Counters total="44" executed="44" passed="13" error="0" failed="31" timeout="0" aborted="0" inconclusive="0" passedButRunAborted="0" notRunnable="0" notExecuted="0" disconnected="0" warning="0" completed="0" inProgress="0" pending="0" />
  </ResultSummary>
  <TestDefinitions>
    <UnitTest name="FindObjectByNonMatchingName" storage="d:\coolege\oose\angry friends\angry-friends\friendly wars test\bin\debug\friendly wars test.dll" id="de3c044a-56e0-03c5-3209-f32608ed4049">
      <Execution id="72d1c2d1-a29d-45b9-bbe2-892a456a81fd" />
      <TestMethod codeBase="D:/Coolege/OOSE/Angry Friends/angry-friends/Friendly Wars Test/bin/Debug/Friendly Wars Test.DLL" adapterTypeName="Microsoft.VisualStudio.TestTools.TestTypes.Unit.UnitTestAdapter, Microsoft.VisualStudio.QualityTools.Tips.UnitTest.Adapter, Version=10.0.0.0, Culture=neutral, PublicKeyToken=b03f5f7f11d50a3a" className="Friendly_Wars_Test.WorldTest, Friendly Wars Test, Version=1.0.0.0, Culture=neutral, PublicKeyToken=null" name="FindObjectByNonMatchingName" />
    </UnitTest>
    <UnitTest name="ClampFromUnder" storage="d:\coolege\oose\angry friends\angry-friends\friendly wars test\bin\debug\friendly wars test.dll" id="6ca3798b-fc32-348b-8980-34ea5106609a">
      <Execution id="b617576b-f96b-4083-99b3-4e7255d640e9" />
      <TestMethod codeBase="D:/Coolege/OOSE/Angry Friends/angry-friends/Friendly Wars Test/bin/Debug/Friendly Wars Test.DLL" adapterTypeName="Microsoft.VisualStudio.TestTools.TestTypes.Unit.UnitTestAdapter, Microsoft.VisualStudio.QualityTools.Tips.UnitTest.Adapter, Version=10.0.0.0, Culture=neutral, PublicKeyToken=b03f5f7f11d50a3a" className="Friendly_Wars_Test.EngineMathTest, Friendly Wars Test, Version=1.0.0.0, Culture=neutral, PublicKeyToken=null" name="ClampFromUnder" />
    </UnitTest>
    <UnitTest name="AddGameObjectTwice" storage="d:\coolege\oose\angry friends\angry-friends\friendly wars test\bin\debug\friendly wars test.dll" id="31378eda-421e-b27a-f876-07a847a28c76">
      <Execution id="b074af38-aaea-4960-8210-6f5ea33cb1d5" />
      <TestMethod codeBase="D:/Coolege/OOSE/Angry Friends/angry-friends/Friendly Wars Test/bin/Debug/Friendly Wars Test.DLL" adapterTypeName="Microsoft.VisualStudio.TestTools.TestTypes.Unit.UnitTestAdapter, Microsoft.VisualStudio.QualityTools.Tips.UnitTest.Adapter, Version=10.0.0.0, Culture=neutral, PublicKeyToken=b03f5f7f11d50a3a" className="Friendly_Wars_Test.WorldTest, Friendly Wars Test, Version=1.0.0.0, Culture=neutral, PublicKeyToken=null" name="AddGameObjectTwice" />
    </UnitTest>
    <UnitTest name="AddRemoveGameObject" storage="d:\coolege\oose\angry friends\angry-friends\friendly wars test\bin\debug\friendly wars test.dll" id="08ff9ac2-17b4-96f9-1e93-3cd69cccff77">
      <Execution id="b0885845-fd30-4d76-8c0a-08dfe5ae3550" />
      <TestMethod codeBase="D:/Coolege/OOSE/Angry Friends/angry-friends/Friendly Wars Test/bin/Debug/Friendly Wars Test.DLL" adapterTypeName="Microsoft.VisualStudio.TestTools.TestTypes.Unit.UnitTestAdapter, Microsoft.VisualStudio.QualityTools.Tips.UnitTest.Adapter, Version=10.0.0.0, Culture=neutral, PublicKeyToken=b03f5f7f11d50a3a" className="Friendly_Wars_Test.WorldTest, Friendly Wars Test, Version=1.0.0.0, Culture=neutral, PublicKeyToken=null" name="AddRemoveGameObject" />
    </UnitTest>
    <UnitTest name="RemoveNoAddGameObject" storage="d:\coolege\oose\angry friends\angry-friends\friendly wars test\bin\debug\friendly wars test.dll" id="8f5347d8-6fe6-d602-1af5-5c967752046c">
      <Execution id="64d49e2d-9174-49d5-b0b2-c5a63e862f4c" />
      <TestMethod codeBase="D:/Coolege/OOSE/Angry Friends/angry-friends/Friendly Wars Test/bin/Debug/Friendly Wars Test.DLL" adapterTypeName="Microsoft.VisualStudio.TestTools.TestTypes.Unit.UnitTestAdapter, Microsoft.VisualStudio.QualityTools.Tips.UnitTest.Adapter, Version=10.0.0.0, Culture=neutral, PublicKeyToken=b03f5f7f11d50a3a" className="Friendly_Wars_Test.WorldTest, Friendly Wars Test, Version=1.0.0.0, Culture=neutral, PublicKeyToken=null" name="RemoveNoAddGameObject" />
    </UnitTest>
    <UnitTest name="AddNullGameObject" storage="d:\coolege\oose\angry friends\angry-friends\friendly wars test\bin\debug\friendly wars test.dll" id="da3cd83c-4bbd-1ed1-c5b3-f5722ce9b538">
      <Execution id="42c86c3b-5ceb-4011-b848-44786e1d6c98" />
      <TestMethod codeBase="D:/Coolege/OOSE/Angry Friends/angry-friends/Friendly Wars Test/bin/Debug/Friendly Wars Test.DLL" adapterTypeName="Microsoft.VisualStudio.TestTools.TestTypes.Unit.UnitTestAdapter, Microsoft.VisualStudio.QualityTools.Tips.UnitTest.Adapter, Version=10.0.0.0, Culture=neutral, PublicKeyToken=b03f5f7f11d50a3a" className="Friendly_Wars_Test.WorldTest, Friendly Wars Test, Version=1.0.0.0, Culture=neutral, PublicKeyToken=null" name="AddNullGameObject" />
    </UnitTest>
    <UnitTest name="InfinityEqual" storage="d:\coolege\oose\angry friends\angry-friends\friendly wars test\bin\debug\friendly wars test.dll" id="afde20b2-0546-cd22-3a9e-fc41c35117a1">
      <Execution id="b434f88d-80fb-4d12-b467-57a00dbbd030" />
      <TestMethod codeBase="D:/Coolege/OOSE/Angry Friends/angry-friends/Friendly Wars Test/bin/Debug/Friendly Wars Test.DLL" adapterTypeName="Microsoft.VisualStudio.TestTools.TestTypes.Unit.UnitTestAdapter, Microsoft.VisualStudio.QualityTools.Tips.UnitTest.Adapter, Version=10.0.0.0, Culture=neutral, PublicKeyToken=b03f5f7f11d50a3a" className="Friendly_Wars_Test.EngineMathTest, Friendly Wars Test, Version=1.0.0.0, Culture=neutral, PublicKeyToken=null" name="InfinityEqual" />
    </UnitTest>
    <UnitTest name="UpdateEmptyWorldNaNDelta" storage="d:\coolege\oose\angry friends\angry-friends\friendly wars test\bin\debug\friendly wars test.dll" id="17bb9991-4a83-6396-3d77-56b34ba68fb3">
      <Execution id="02801f70-c761-4f1d-a42e-3473b886b736" />
      <TestMethod codeBase="D:/Coolege/OOSE/Angry Friends/angry-friends/Friendly Wars Test/bin/Debug/Friendly Wars Test.DLL" adapterTypeName="Microsoft.VisualStudio.TestTools.TestTypes.Unit.UnitTestAdapter, Microsoft.VisualStudio.QualityTools.Tips.UnitTest.Adapter, Version=10.0.0.0, Culture=neutral, PublicKeyToken=b03f5f7f11d50a3a" className="Friendly_Wars_Test.WorldTest, Friendly Wars Test, Version=1.0.0.0, Culture=neutral, PublicKeyToken=null" name="UpdateEmptyWorldNaNDelta" />
    </UnitTest>
    <UnitTest name="RedrawQueue" storage="d:\coolege\oose\angry friends\angry-friends\friendly wars test\bin\debug\friendly wars test.dll" id="dd086e4f-c994-08da-5de0-fb43ead512fb">
      <Execution id="2b01f390-ab84-46e9-a4ce-603b6b7fdbb6" />
      <TestMethod codeBase="D:/Coolege/OOSE/Angry Friends/angry-friends/Friendly Wars Test/bin/Debug/Friendly Wars Test.DLL" adapterTypeName="Microsoft.VisualStudio.TestTools.TestTypes.Unit.UnitTestAdapter, Microsoft.VisualStudio.QualityTools.Tips.UnitTest.Adapter, Version=10.0.0.0, Culture=neutral, PublicKeyToken=b03f5f7f11d50a3a" className="Friendly_Wars_Test.WorldTest, Friendly Wars Test, Version=1.0.0.0, Culture=neutral, PublicKeyToken=null" name="RedrawQueue" />
    </UnitTest>
    <UnitTest name="UpdateEmptyWorldNInfiniteDelta" storage="d:\coolege\oose\angry friends\angry-friends\friendly wars test\bin\debug\friendly wars test.dll" id="60a52026-449e-692a-a0ea-6d8afbea8f4c">
      <Execution id="52f69781-0d15-42ce-9f85-b0344349c31e" />
      <TestMethod codeBase="D:/Coolege/OOSE/Angry Friends/angry-friends/Friendly Wars Test/bin/Debug/Friendly Wars Test.DLL" adapterTypeName="Microsoft.VisualStudio.TestTools.TestTypes.Unit.UnitTestAdapter, Microsoft.VisualStudio.QualityTools.Tips.UnitTest.Adapter, Version=10.0.0.0, Culture=neutral, PublicKeyToken=b03f5f7f11d50a3a" className="Friendly_Wars_Test.WorldTest, Friendly Wars Test, Version=1.0.0.0, Culture=neutral, PublicKeyToken=null" name="UpdateEmptyWorldNInfiniteDelta" />
    </UnitTest>
    <UnitTest name="ZerosEqual" storage="d:\coolege\oose\angry friends\angry-friends\friendly wars test\bin\debug\friendly wars test.dll" id="c3f63d5d-22cf-5484-dee1-a915c47cb523">
      <Execution id="d2c34555-21f5-4ad1-af7e-08b58ae5bc01" />
      <TestMethod codeBase="D:/Coolege/OOSE/Angry Friends/angry-friends/Friendly Wars Test/bin/Debug/Friendly Wars Test.DLL" adapterTypeName="Microsoft.VisualStudio.TestTools.TestTypes.Unit.UnitTestAdapter, Microsoft.VisualStudio.QualityTools.Tips.UnitTest.Adapter, Version=10.0.0.0, Culture=neutral, PublicKeyToken=b03f5f7f11d50a3a" className="Friendly_Wars_Test.EngineMathTest, Friendly Wars Test, Version=1.0.0.0, Culture=neutral, PublicKeyToken=null" name="ZerosEqual" />
    </UnitTest>
    <UnitTest name="AddGameObjectsRemoveOne" storage="d:\coolege\oose\angry friends\angry-friends\friendly wars test\bin\debug\friendly wars test.dll" id="4cba324c-7e47-167e-3467-9d6ae1bce268">
      <Execution id="617117bd-8b43-40e4-b169-cb4ee7ee76ac" />
      <TestMethod codeBase="D:/Coolege/OOSE/Angry Friends/angry-friends/Friendly Wars Test/bin/Debug/Friendly Wars Test.DLL" adapterTypeName="Microsoft.VisualStudio.TestTools.TestTypes.Unit.UnitTestAdapter, Microsoft.VisualStudio.QualityTools.Tips.UnitTest.Adapter, Version=10.0.0.0, Culture=neutral, PublicKeyToken=b03f5f7f11d50a3a" className="Friendly_Wars_Test.WorldTest, Friendly Wars Test, Version=1.0.0.0, Culture=neutral, PublicKeyToken=null" name="AddGameObjectsRemoveOne" />
    </UnitTest>
    <UnitTest name="FindObjectsBySameName" storage="d:\coolege\oose\angry friends\angry-friends\friendly wars test\bin\debug\friendly wars test.dll" id="cec834ae-44f0-06b2-1f3f-f2c8153f0e0b">
      <Execution id="79fe766b-985a-4d5a-9300-312d93d79903" />
      <TestMethod codeBase="D:/Coolege/OOSE/Angry Friends/angry-friends/Friendly Wars Test/bin/Debug/Friendly Wars Test.DLL" adapterTypeName="Microsoft.VisualStudio.TestTools.TestTypes.Unit.UnitTestAdapter, Microsoft.VisualStudio.QualityTools.Tips.UnitTest.Adapter, Version=10.0.0.0, Culture=neutral, PublicKeyToken=b03f5f7f11d50a3a" className="Friendly_Wars_Test.WorldTest, Friendly Wars Test, Version=1.0.0.0, Culture=neutral, PublicKeyToken=null" name="FindObjectsBySameName" />
    </UnitTest>
    <UnitTest name="ClampPositiveInfinity" storage="d:\coolege\oose\angry friends\angry-friends\friendly wars test\bin\debug\friendly wars test.dll" id="1956044c-517e-a1a9-2b87-55593a13fa96">
      <Execution id="b3fdfc35-a0a0-4bd9-b99d-3e2b9bae5f6f" />
      <TestMethod codeBase="D:/Coolege/OOSE/Angry Friends/angry-friends/Friendly Wars Test/bin/Debug/Friendly Wars Test.DLL" adapterTypeName="Microsoft.VisualStudio.TestTools.TestTypes.Unit.UnitTestAdapter, Microsoft.VisualStudio.QualityTools.Tips.UnitTest.Adapter, Version=10.0.0.0, Culture=neutral, PublicKeyToken=b03f5f7f11d50a3a" className="Friendly_Wars_Test.EngineMathTest, Friendly Wars Test, Version=1.0.0.0, Culture=neutral, PublicKeyToken=null" name="ClampPositiveInfinity" />
    </UnitTest>
    <UnitTest name="AddRemoveGameObjects" storage="d:\coolege\oose\angry friends\angry-friends\friendly wars test\bin\debug\friendly wars test.dll" id="2b82d53e-63cc-5dfb-536f-f25fd8587136">
      <Execution id="e5c93773-66cf-4339-9f22-7506acce732b" />
      <TestMethod codeBase="D:/Coolege/OOSE/Angry Friends/angry-friends/Friendly Wars Test/bin/Debug/Friendly Wars Test.DLL" adapterTypeName="Microsoft.VisualStudio.TestTools.TestTypes.Unit.UnitTestAdapter, Microsoft.VisualStudio.QualityTools.Tips.UnitTest.Adapter, Version=10.0.0.0, Culture=neutral, PublicKeyToken=b03f5f7f11d50a3a" className="Friendly_Wars_Test.WorldTest, Friendly Wars Test, Version=1.0.0.0, Culture=neutral, PublicKeyToken=null" name="AddRemoveGameObjects" />
    </UnitTest>
    <UnitTest name="UpdateEmptyWorld" storage="d:\coolege\oose\angry friends\angry-friends\friendly wars test\bin\debug\friendly wars test.dll" id="98147b86-ba17-040b-ad0c-2a1b372e0074">
      <Execution id="253eecd5-4baa-4019-ace0-353cd0dd24f4" />
      <TestMethod codeBase="D:/Coolege/OOSE/Angry Friends/angry-friends/Friendly Wars Test/bin/Debug/Friendly Wars Test.DLL" adapterTypeName="Microsoft.VisualStudio.TestTools.TestTypes.Unit.UnitTestAdapter, Microsoft.VisualStudio.QualityTools.Tips.UnitTest.Adapter, Version=10.0.0.0, Culture=neutral, PublicKeyToken=b03f5f7f11d50a3a" className="Friendly_Wars_Test.WorldTest, Friendly Wars Test, Version=1.0.0.0, Culture=neutral, PublicKeyToken=null" name="UpdateEmptyWorld" />
    </UnitTest>
    <UnitTest name="FindObjectByNegativeUid" storage="d:\coolege\oose\angry friends\angry-friends\friendly wars test\bin\debug\friendly wars test.dll" id="7de7a0d5-d295-53e2-8962-c1954227c321">
      <Execution id="75b24831-d580-4ee9-b831-cba14d31d52f" />
      <TestMethod codeBase="D:/Coolege/OOSE/Angry Friends/angry-friends/Friendly Wars Test/bin/Debug/Friendly Wars Test.DLL" adapterTypeName="Microsoft.VisualStudio.TestTools.TestTypes.Unit.UnitTestAdapter, Microsoft.VisualStudio.QualityTools.Tips.UnitTest.Adapter, Version=10.0.0.0, Culture=neutral, PublicKeyToken=b03f5f7f11d50a3a" className="Friendly_Wars_Test.WorldTest, Friendly Wars Test, Version=1.0.0.0, Culture=neutral, PublicKeyToken=null" name="FindObjectByNegativeUid" />
    </UnitTest>
    <UnitTest name="FindObjectByNonmatchingTag" storage="d:\coolege\oose\angry friends\angry-friends\friendly wars test\bin\debug\friendly wars test.dll" id="469a7281-4ca9-1da6-9b2e-0165c35a6301">
      <Execution id="5b2f3339-645f-4143-a169-af19769b554c" />
      <TestMethod codeBase="D:/Coolege/OOSE/Angry Friends/angry-friends/Friendly Wars Test/bin/Debug/Friendly Wars Test.DLL" adapterTypeName="Microsoft.VisualStudio.TestTools.TestTypes.Unit.UnitTestAdapter, Microsoft.VisualStudio.QualityTools.Tips.UnitTest.Adapter, Version=10.0.0.0, Culture=neutral, PublicKeyToken=b03f5f7f11d50a3a" className="Friendly_Wars_Test.WorldTest, Friendly Wars Test, Version=1.0.0.0, Culture=neutral, PublicKeyToken=null" name="FindObjectByNonmatchingTag" />
    </UnitTest>
    <UnitTest name="FindObjectByUid" storage="d:\coolege\oose\angry friends\angry-friends\friendly wars test\bin\debug\friendly wars test.dll" id="795dc389-0911-fa25-be60-c425546d2806">
      <Execution id="3ae35c4b-b200-43c4-9702-6536c7060be4" />
      <TestMethod codeBase="D:/Coolege/OOSE/Angry Friends/angry-friends/Friendly Wars Test/bin/Debug/Friendly Wars Test.DLL" adapterTypeName="Microsoft.VisualStudio.TestTools.TestTypes.Unit.UnitTestAdapter, Microsoft.VisualStudio.QualityTools.Tips.UnitTest.Adapter, Version=10.0.0.0, Culture=neutral, PublicKeyToken=b03f5f7f11d50a3a" className="Friendly_Wars_Test.WorldTest, Friendly Wars Test, Version=1.0.0.0, Culture=neutral, PublicKeyToken=null" name="FindObjectByUid" />
    </UnitTest>
    <UnitTest name="ClampNaN" storage="d:\coolege\oose\angry friends\angry-friends\friendly wars test\bin\debug\friendly wars test.dll" id="01ca775d-8ead-c78e-0e1a-102ca0260877">
      <Execution id="ebd26f15-800a-4e38-8833-4204ddc41e89" />
      <TestMethod codeBase="D:/Coolege/OOSE/Angry Friends/angry-friends/Friendly Wars Test/bin/Debug/Friendly Wars Test.DLL" adapterTypeName="Microsoft.VisualStudio.TestTools.TestTypes.Unit.UnitTestAdapter, Microsoft.VisualStudio.QualityTools.Tips.UnitTest.Adapter, Version=10.0.0.0, Culture=neutral, PublicKeyToken=b03f5f7f11d50a3a" className="Friendly_Wars_Test.EngineMathTest, Friendly Wars Test, Version=1.0.0.0, Culture=neutral, PublicKeyToken=null" name="ClampNaN" />
    </UnitTest>
    <UnitTest name="ZerosAndOtherNonEqual" storage="d:\coolege\oose\angry friends\angry-friends\friendly wars test\bin\debug\friendly wars test.dll" id="864565a5-15df-1a8e-08aa-7d647653058c">
      <Execution id="8b9a9232-8322-4d29-bb5c-b2d1cea791db" />
      <TestMethod codeBase="D:/Coolege/OOSE/Angry Friends/angry-friends/Friendly Wars Test/bin/Debug/Friendly Wars Test.DLL" adapterTypeName="Microsoft.VisualStudio.TestTools.TestTypes.Unit.UnitTestAdapter, Microsoft.VisualStudio.QualityTools.Tips.UnitTest.Adapter, Version=10.0.0.0, Culture=neutral, PublicKeyToken=b03f5f7f11d50a3a" className="Friendly_Wars_Test.EngineMathTest, Friendly Wars Test, Version=1.0.0.0, Culture=neutral, PublicKeyToken=null" name="ZerosAndOtherNonEqual" />
    </UnitTest>
    <UnitTest name="FindObjectByTag" storage="d:\coolege\oose\angry friends\angry-friends\friendly wars test\bin\debug\friendly wars test.dll" id="6932cb4b-8911-cccb-7caf-5817c0fb3eea">
      <Execution id="de6d9dfa-ae5a-4eed-8c43-3f9c992af610" />
      <TestMethod codeBase="D:/Coolege/OOSE/Angry Friends/angry-friends/Friendly Wars Test/bin/Debug/Friendly Wars Test.DLL" adapterTypeName="Microsoft.VisualStudio.TestTools.TestTypes.Unit.UnitTestAdapter, Microsoft.VisualStudio.QualityTools.Tips.UnitTest.Adapter, Version=10.0.0.0, Culture=neutral, PublicKeyToken=b03f5f7f11d50a3a" className="Friendly_Wars_Test.WorldTest, Friendly Wars Test, Version=1.0.0.0, Culture=neutral, PublicKeyToken=null" name="FindObjectByTag" />
    </UnitTest>
    <UnitTest name="ExactlyEqual" storage="d:\coolege\oose\angry friends\angry-friends\friendly wars test\bin\debug\friendly wars test.dll" id="fe729062-87b7-bade-022a-3278e2441a36">
      <Execution id="ec56e95e-b8c2-4503-a302-5a54cb1fb0a4" />
      <TestMethod codeBase="D:/Coolege/OOSE/Angry Friends/angry-friends/Friendly Wars Test/bin/Debug/Friendly Wars Test.DLL" adapterTypeName="Microsoft.VisualStudio.TestTools.TestTypes.Unit.UnitTestAdapter, Microsoft.VisualStudio.QualityTools.Tips.UnitTest.Adapter, Version=10.0.0.0, Culture=neutral, PublicKeyToken=b03f5f7f11d50a3a" className="Friendly_Wars_Test.EngineMathTest, Friendly Wars Test, Version=1.0.0.0, Culture=neutral, PublicKeyToken=null" name="ExactlyEqual" />
    </UnitTest>
    <UnitTest name="UpdateGameObject" storage="d:\coolege\oose\angry friends\angry-friends\friendly wars test\bin\debug\friendly wars test.dll" id="fbb29759-04b2-8d83-bd32-96dcd1652ca9">
      <Execution id="feced855-33b0-47b1-91ae-9e10097a726a" />
      <TestMethod codeBase="D:/Coolege/OOSE/Angry Friends/angry-friends/Friendly Wars Test/bin/Debug/Friendly Wars Test.DLL" adapterTypeName="Microsoft.VisualStudio.TestTools.TestTypes.Unit.UnitTestAdapter, Microsoft.VisualStudio.QualityTools.Tips.UnitTest.Adapter, Version=10.0.0.0, Culture=neutral, PublicKeyToken=b03f5f7f11d50a3a" className="Friendly_Wars_Test.WorldTest, Friendly Wars Test, Version=1.0.0.0, Culture=neutral, PublicKeyToken=null" name="UpdateGameObject" />
    </UnitTest>
    <UnitTest name="UpdateEmptyWorldNegativeDelta" storage="d:\coolege\oose\angry friends\angry-friends\friendly wars test\bin\debug\friendly wars test.dll" id="7a48a561-7515-6c45-9a04-9adbc9084e78">
      <Execution id="d0b4203b-1420-4ea6-aef6-9c3a7daf8c8c" />
      <TestMethod codeBase="D:/Coolege/OOSE/Angry Friends/angry-friends/Friendly Wars Test/bin/Debug/Friendly Wars Test.DLL" adapterTypeName="Microsoft.VisualStudio.TestTools.TestTypes.Unit.UnitTestAdapter, Microsoft.VisualStudio.QualityTools.Tips.UnitTest.Adapter, Version=10.0.0.0, Culture=neutral, PublicKeyToken=b03f5f7f11d50a3a" className="Friendly_Wars_Test.WorldTest, Friendly Wars Test, Version=1.0.0.0, Culture=neutral, PublicKeyToken=null" name="UpdateEmptyWorldNegativeDelta" />
    </UnitTest>
    <UnitTest name="FindObjectByNullTag" storage="d:\coolege\oose\angry friends\angry-friends\friendly wars test\bin\debug\friendly wars test.dll" id="e73ca61a-ac0c-aa3e-48bc-61dd459523d5">
      <Execution id="7065a9c6-34bd-41f4-a04b-5371959e4a27" />
      <TestMethod codeBase="D:/Coolege/OOSE/Angry Friends/angry-friends/Friendly Wars Test/bin/Debug/Friendly Wars Test.DLL" adapterTypeName="Microsoft.VisualStudio.TestTools.TestTypes.Unit.UnitTestAdapter, Microsoft.VisualStudio.QualityTools.Tips.UnitTest.Adapter, Version=10.0.0.0, Culture=neutral, PublicKeyToken=b03f5f7f11d50a3a" className="Friendly_Wars_Test.WorldTest, Friendly Wars Test, Version=1.0.0.0, Culture=neutral, PublicKeyToken=null" name="FindObjectByNullTag" />
    </UnitTest>
    <UnitTest name="EmptyOnStart" storage="d:\coolege\oose\angry friends\angry-friends\friendly wars test\bin\debug\friendly wars test.dll" id="0d763647-d708-aa21-9647-504d72287cc1">
      <Execution id="57a6834a-eaac-4642-9ade-64d2f6ffe67e" />
      <TestMethod codeBase="D:/Coolege/OOSE/Angry Friends/angry-friends/Friendly Wars Test/bin/Debug/Friendly Wars Test.DLL" adapterTypeName="Microsoft.VisualStudio.TestTools.TestTypes.Unit.UnitTestAdapter, Microsoft.VisualStudio.QualityTools.Tips.UnitTest.Adapter, Version=10.0.0.0, Culture=neutral, PublicKeyToken=b03f5f7f11d50a3a" className="Friendly_Wars_Test.WorldTest, Friendly Wars Test, Version=1.0.0.0, Culture=neutral, PublicKeyToken=null" name="EmptyOnStart" />
    </UnitTest>
    <UnitTest name="AddGameObjectSameName" storage="d:\coolege\oose\angry friends\angry-friends\friendly wars test\bin\debug\friendly wars test.dll" id="39db4ad6-0470-c93a-28bc-1f07def15e0c">
      <Execution id="5c799834-d2d0-4f38-9cd1-5b278552fee7" />
      <TestMethod codeBase="D:/Coolege/OOSE/Angry Friends/angry-friends/Friendly Wars Test/bin/Debug/Friendly Wars Test.DLL" adapterTypeName="Microsoft.VisualStudio.TestTools.TestTypes.Unit.UnitTestAdapter, Microsoft.VisualStudio.QualityTools.Tips.UnitTest.Adapter, Version=10.0.0.0, Culture=neutral, PublicKeyToken=b03f5f7f11d50a3a" className="Friendly_Wars_Test.WorldTest, Friendly Wars Test, Version=1.0.0.0, Culture=neutral, PublicKeyToken=null" name="AddGameObjectSameName" />
    </UnitTest>
    <UnitTest name="NaNNotEqual" storage="d:\coolege\oose\angry friends\angry-friends\friendly wars test\bin\debug\friendly wars test.dll" id="6d55685b-46f4-fde8-e798-159cd8416ab5">
      <Execution id="884e0bd8-e553-4708-9193-167ef6a65898" />
      <TestMethod codeBase="D:/Coolege/OOSE/Angry Friends/angry-friends/Friendly Wars Test/bin/Debug/Friendly Wars Test.DLL" adapterTypeName="Microsoft.VisualStudio.TestTools.TestTypes.Unit.UnitTestAdapter, Microsoft.VisualStudio.QualityTools.Tips.UnitTest.Adapter, Version=10.0.0.0, Culture=neutral, PublicKeyToken=b03f5f7f11d50a3a" className="Friendly_Wars_Test.EngineMathTest, Friendly Wars Test, Version=1.0.0.0, Culture=neutral, PublicKeyToken=null" name="NaNNotEqual" />
    </UnitTest>
    <UnitTest name="AddGameObjectWithTag" storage="d:\coolege\oose\angry friends\angry-friends\friendly wars test\bin\debug\friendly wars test.dll" id="4461f983-8946-5d16-af26-65d1a4f53ed1">
      <Execution id="3b893771-763e-4e3e-aa22-e47554162a8d" />
      <TestMethod codeBase="D:/Coolege/OOSE/Angry Friends/angry-friends/Friendly Wars Test/bin/Debug/Friendly Wars Test.DLL" adapterTypeName="Microsoft.VisualStudio.TestTools.TestTypes.Unit.UnitTestAdapter, Microsoft.VisualStudio.QualityTools.Tips.UnitTest.Adapter, Version=10.0.0.0, Culture=neutral, PublicKeyToken=b03f5f7f11d50a3a" className="Friendly_Wars_Test.WorldTest, Friendly Wars Test, Version=1.0.0.0, Culture=neutral, PublicKeyToken=null" name="AddGameObjectWithTag" />
    </UnitTest>
    <UnitTest name="AddGameObjectDifferentNames" storage="d:\coolege\oose\angry friends\angry-friends\friendly wars test\bin\debug\friendly wars test.dll" id="8ad7aad0-0e68-a4a8-1377-1068d3be66a3">
      <Execution id="f2a9401f-ac56-4bce-86c2-51983d1ddca7" />
      <TestMethod codeBase="D:/Coolege/OOSE/Angry Friends/angry-friends/Friendly Wars Test/bin/Debug/Friendly Wars Test.DLL" adapterTypeName="Microsoft.VisualStudio.TestTools.TestTypes.Unit.UnitTestAdapter, Microsoft.VisualStudio.QualityTools.Tips.UnitTest.Adapter, Version=10.0.0.0, Culture=neutral, PublicKeyToken=b03f5f7f11d50a3a" className="Friendly_Wars_Test.WorldTest, Friendly Wars Test, Version=1.0.0.0, Culture=neutral, PublicKeyToken=null" name="AddGameObjectDifferentNames" />
    </UnitTest>
    <UnitTest name="Create" storage="d:\coolege\oose\angry friends\angry-friends\friendly wars test\bin\debug\friendly wars test.dll" id="da5a3ff1-16a7-80e0-2357-ad8369abac4d">
      <Execution id="45e1c32a-0a43-4865-b2fb-36037ccadf1f" />
      <TestMethod codeBase="D:/Coolege/OOSE/Angry Friends/angry-friends/Friendly Wars Test/bin/Debug/Friendly Wars Test.DLL" adapterTypeName="Microsoft.VisualStudio.TestTools.TestTypes.Unit.UnitTestAdapter, Microsoft.VisualStudio.QualityTools.Tips.UnitTest.Adapter, Version=10.0.0.0, Culture=neutral, PublicKeyToken=b03f5f7f11d50a3a" className="Friendly_Wars_Test.GameTest, Friendly Wars Test, Version=1.0.0.0, Culture=neutral, PublicKeyToken=null" name="Create" />
    </UnitTest>
    <UnitTest name="FindObjectByName" storage="d:\coolege\oose\angry friends\angry-friends\friendly wars test\bin\debug\friendly wars test.dll" id="33fdc490-8eca-d5c9-fc5f-a326e2740e9f">
      <Execution id="eb8538d8-8777-48b0-b519-4d91aa51c14a" />
      <TestMethod codeBase="D:/Coolege/OOSE/Angry Friends/angry-friends/Friendly Wars Test/bin/Debug/Friendly Wars Test.DLL" adapterTypeName="Microsoft.VisualStudio.TestTools.TestTypes.Unit.UnitTestAdapter, Microsoft.VisualStudio.QualityTools.Tips.UnitTest.Adapter, Version=10.0.0.0, Culture=neutral, PublicKeyToken=b03f5f7f11d50a3a" className="Friendly_Wars_Test.WorldTest, Friendly Wars Test, Version=1.0.0.0, Culture=neutral, PublicKeyToken=null" name="FindObjectByName" />
    </UnitTest>
    <UnitTest name="FindObjectByNonmatchingUid" storage="d:\coolege\oose\angry friends\angry-friends\friendly wars test\bin\debug\friendly wars test.dll" id="49d4377a-26a8-d592-bb75-fd834c5bc41e">
      <Execution id="d2f788a1-0386-4cc5-b41f-29d5d68c40ca" />
      <TestMethod codeBase="D:/Coolege/OOSE/Angry Friends/angry-friends/Friendly Wars Test/bin/Debug/Friendly Wars Test.DLL" adapterTypeName="Microsoft.VisualStudio.TestTools.TestTypes.Unit.UnitTestAdapter, Microsoft.VisualStudio.QualityTools.Tips.UnitTest.Adapter, Version=10.0.0.0, Culture=neutral, PublicKeyToken=b03f5f7f11d50a3a" className="Friendly_Wars_Test.WorldTest, Friendly Wars Test, Version=1.0.0.0, Culture=neutral, PublicKeyToken=null" name="FindObjectByNonmatchingUid" />
    </UnitTest>
    <UnitTest name="AddGameObject" storage="d:\coolege\oose\angry friends\angry-friends\friendly wars test\bin\debug\friendly wars test.dll" id="556c8a84-2493-10b7-42ba-68c6068640eb">
      <Execution id="accf3e21-6a4f-46bd-9911-5425496f6278" />
      <TestMethod codeBase="D:/Coolege/OOSE/Angry Friends/angry-friends/Friendly Wars Test/bin/Debug/Friendly Wars Test.DLL" adapterTypeName="Microsoft.VisualStudio.TestTools.TestTypes.Unit.UnitTestAdapter, Microsoft.VisualStudio.QualityTools.Tips.UnitTest.Adapter, Version=10.0.0.0, Culture=neutral, PublicKeyToken=b03f5f7f11d50a3a" className="Friendly_Wars_Test.WorldTest, Friendly Wars Test, Version=1.0.0.0, Culture=neutral, PublicKeyToken=null" name="AddGameObject" />
    </UnitTest>
    <UnitTest name="CreateAndRetrieveSameReference" storage="d:\coolege\oose\angry friends\angry-friends\friendly wars test\bin\debug\friendly wars test.dll" id="4cdab545-325d-6a8e-66e7-e4cd6dae8196">
      <Execution id="2f202401-5a93-4ae7-8365-8e83991b635e" />
      <TestMethod codeBase="D:/Coolege/OOSE/Angry Friends/angry-friends/Friendly Wars Test/bin/Debug/Friendly Wars Test.DLL" adapterTypeName="Microsoft.VisualStudio.TestTools.TestTypes.Unit.UnitTestAdapter, Microsoft.VisualStudio.QualityTools.Tips.UnitTest.Adapter, Version=10.0.0.0, Culture=neutral, PublicKeyToken=b03f5f7f11d50a3a" className="Friendly_Wars_Test.WorldTest, Friendly Wars Test, Version=1.0.0.0, Culture=neutral, PublicKeyToken=null" name="CreateAndRetrieveSameReference" />
    </UnitTest>
    <UnitTest name="UpdateEmptyWorldPInfiniteDelta" storage="d:\coolege\oose\angry friends\angry-friends\friendly wars test\bin\debug\friendly wars test.dll" id="97544b50-16de-707c-78c9-3eb4b06536b3">
      <Execution id="d08f2ff3-4b2a-4452-b7ed-83365ce14884" />
      <TestMethod codeBase="D:/Coolege/OOSE/Angry Friends/angry-friends/Friendly Wars Test/bin/Debug/Friendly Wars Test.DLL" adapterTypeName="Microsoft.VisualStudio.TestTools.TestTypes.Unit.UnitTestAdapter, Microsoft.VisualStudio.QualityTools.Tips.UnitTest.Adapter, Version=10.0.0.0, Culture=neutral, PublicKeyToken=b03f5f7f11d50a3a" className="Friendly_Wars_Test.WorldTest, Friendly Wars Test, Version=1.0.0.0, Culture=neutral, PublicKeyToken=null" name="UpdateEmptyWorldPInfiniteDelta" />
    </UnitTest>
    <UnitTest name="FindObjectByNullName" storage="d:\coolege\oose\angry friends\angry-friends\friendly wars test\bin\debug\friendly wars test.dll" id="380ce1fa-39be-17e1-13f9-1d0b71958168">
      <Execution id="e9262efd-7d2b-422b-a139-2ec032ef17e6" />
      <TestMethod codeBase="D:/Coolege/OOSE/Angry Friends/angry-friends/Friendly Wars Test/bin/Debug/Friendly Wars Test.DLL" adapterTypeName="Microsoft.VisualStudio.TestTools.TestTypes.Unit.UnitTestAdapter, Microsoft.VisualStudio.QualityTools.Tips.UnitTest.Adapter, Version=10.0.0.0, Culture=neutral, PublicKeyToken=b03f5f7f11d50a3a" className="Friendly_Wars_Test.WorldTest, Friendly Wars Test, Version=1.0.0.0, Culture=neutral, PublicKeyToken=null" name="FindObjectByNullName" />
    </UnitTest>
    <UnitTest name="FindObjectsByTag" storage="d:\coolege\oose\angry friends\angry-friends\friendly wars test\bin\debug\friendly wars test.dll" id="904a6971-f8a7-e4d4-7d72-daf555ccefc4">
      <Execution id="274de9a8-9418-4b63-9313-a94190422c73" />
      <TestMethod codeBase="D:/Coolege/OOSE/Angry Friends/angry-friends/Friendly Wars Test/bin/Debug/Friendly Wars Test.DLL" adapterTypeName="Microsoft.VisualStudio.TestTools.TestTypes.Unit.UnitTestAdapter, Microsoft.VisualStudio.QualityTools.Tips.UnitTest.Adapter, Version=10.0.0.0, Culture=neutral, PublicKeyToken=b03f5f7f11d50a3a" className="Friendly_Wars_Test.WorldTest, Friendly Wars Test, Version=1.0.0.0, Culture=neutral, PublicKeyToken=null" name="FindObjectsByTag" />
    </UnitTest>
    <UnitTest name="ApproximatelyEqual" storage="d:\coolege\oose\angry friends\angry-friends\friendly wars test\bin\debug\friendly wars test.dll" id="3dd03ff9-cc8f-2b96-d662-82427948f078">
      <Execution id="f620e1e1-098f-4248-965b-276272aa8c25" />
      <TestMethod codeBase="D:/Coolege/OOSE/Angry Friends/angry-friends/Friendly Wars Test/bin/Debug/Friendly Wars Test.DLL" adapterTypeName="Microsoft.VisualStudio.TestTools.TestTypes.Unit.UnitTestAdapter, Microsoft.VisualStudio.QualityTools.Tips.UnitTest.Adapter, Version=10.0.0.0, Culture=neutral, PublicKeyToken=b03f5f7f11d50a3a" className="Friendly_Wars_Test.EngineMathTest, Friendly Wars Test, Version=1.0.0.0, Culture=neutral, PublicKeyToken=null" name="ApproximatelyEqual" />
    </UnitTest>
    <UnitTest name="ClampNoNeed" storage="d:\coolege\oose\angry friends\angry-friends\friendly wars test\bin\debug\friendly wars test.dll" id="97380f47-e96b-7bf5-bbc0-e66396568034">
      <Execution id="71d54b98-ce02-405f-8dd8-46d35b0322b0" />
      <TestMethod codeBase="D:/Coolege/OOSE/Angry Friends/angry-friends/Friendly Wars Test/bin/Debug/Friendly Wars Test.DLL" adapterTypeName="Microsoft.VisualStudio.TestTools.TestTypes.Unit.UnitTestAdapter, Microsoft.VisualStudio.QualityTools.Tips.UnitTest.Adapter, Version=10.0.0.0, Culture=neutral, PublicKeyToken=b03f5f7f11d50a3a" className="Friendly_Wars_Test.EngineMathTest, Friendly Wars Test, Version=1.0.0.0, Culture=neutral, PublicKeyToken=null" name="ClampNoNeed" />
    </UnitTest>
    <UnitTest name="ClampFromAbove" storage="d:\coolege\oose\angry friends\angry-friends\friendly wars test\bin\debug\friendly wars test.dll" id="c9509a84-3973-4caa-0861-5d2d1a0da226">
      <Execution id="e229abd7-7653-4921-ae5d-846203d3153b" />
      <TestMethod codeBase="D:/Coolege/OOSE/Angry Friends/angry-friends/Friendly Wars Test/bin/Debug/Friendly Wars Test.DLL" adapterTypeName="Microsoft.VisualStudio.TestTools.TestTypes.Unit.UnitTestAdapter, Microsoft.VisualStudio.QualityTools.Tips.UnitTest.Adapter, Version=10.0.0.0, Culture=neutral, PublicKeyToken=b03f5f7f11d50a3a" className="Friendly_Wars_Test.EngineMathTest, Friendly Wars Test, Version=1.0.0.0, Culture=neutral, PublicKeyToken=null" name="ClampFromAbove" />
    </UnitTest>
    <UnitTest name="Create" storage="d:\coolege\oose\angry friends\angry-friends\friendly wars test\bin\debug\friendly wars test.dll" id="9ed78184-81e5-6c11-8c6b-21128c71be1f">
      <Execution id="6396e2bb-132a-4a6b-8b3d-218247c303f1" />
      <TestMethod codeBase="D:/Coolege/OOSE/Angry Friends/angry-friends/Friendly Wars Test/bin/Debug/Friendly Wars Test.DLL" adapterTypeName="Microsoft.VisualStudio.TestTools.TestTypes.Unit.UnitTestAdapter, Microsoft.VisualStudio.QualityTools.Tips.UnitTest.Adapter, Version=10.0.0.0, Culture=neutral, PublicKeyToken=b03f5f7f11d50a3a" className="Friendly_Wars_Test.WorldTest, Friendly Wars Test, Version=1.0.0.0, Culture=neutral, PublicKeyToken=null" name="Create" />
    </UnitTest>
    <UnitTest name="NonEqual" storage="d:\coolege\oose\angry friends\angry-friends\friendly wars test\bin\debug\friendly wars test.dll" id="c51a11f3-9964-c8c3-04fd-f547baaaed0d">
      <Execution id="cef5a686-4466-44d9-a4f3-8d522879a102" />
      <TestMethod codeBase="D:/Coolege/OOSE/Angry Friends/angry-friends/Friendly Wars Test/bin/Debug/Friendly Wars Test.DLL" adapterTypeName="Microsoft.VisualStudio.TestTools.TestTypes.Unit.UnitTestAdapter, Microsoft.VisualStudio.QualityTools.Tips.UnitTest.Adapter, Version=10.0.0.0, Culture=neutral, PublicKeyToken=b03f5f7f11d50a3a" className="Friendly_Wars_Test.EngineMathTest, Friendly Wars Test, Version=1.0.0.0, Culture=neutral, PublicKeyToken=null" name="NonEqual" />
    </UnitTest>
  </TestDefinitions>
  <TestLists>
    <TestList name="Results Not in a List" id="8c84fa94-04c1-424b-9868-57a2d4851a1d" />
    <TestList name="All Loaded Results" id="19431567-8539-422a-85d7-44ee4e166bda" />
  </TestLists>
  <TestEntries>
    <TestEntry testId="01ca775d-8ead-c78e-0e1a-102ca0260877" executionId="ebd26f15-800a-4e38-8833-4204ddc41e89" testListId="8c84fa94-04c1-424b-9868-57a2d4851a1d" />
    <TestEntry testId="08ff9ac2-17b4-96f9-1e93-3cd69cccff77" executionId="b0885845-fd30-4d76-8c0a-08dfe5ae3550" testListId="8c84fa94-04c1-424b-9868-57a2d4851a1d" />
    <TestEntry testId="0d763647-d708-aa21-9647-504d72287cc1" executionId="57a6834a-eaac-4642-9ade-64d2f6ffe67e" testListId="8c84fa94-04c1-424b-9868-57a2d4851a1d" />
    <TestEntry testId="17bb9991-4a83-6396-3d77-56b34ba68fb3" executionId="02801f70-c761-4f1d-a42e-3473b886b736" testListId="8c84fa94-04c1-424b-9868-57a2d4851a1d" />
    <TestEntry testId="1956044c-517e-a1a9-2b87-55593a13fa96" executionId="b3fdfc35-a0a0-4bd9-b99d-3e2b9bae5f6f" testListId="8c84fa94-04c1-424b-9868-57a2d4851a1d" />
    <TestEntry testId="2b82d53e-63cc-5dfb-536f-f25fd8587136" executionId="e5c93773-66cf-4339-9f22-7506acce732b" testListId="8c84fa94-04c1-424b-9868-57a2d4851a1d" />
    <TestEntry testId="31378eda-421e-b27a-f876-07a847a28c76" executionId="b074af38-aaea-4960-8210-6f5ea33cb1d5" testListId="8c84fa94-04c1-424b-9868-57a2d4851a1d" />
    <TestEntry testId="33fdc490-8eca-d5c9-fc5f-a326e2740e9f" executionId="eb8538d8-8777-48b0-b519-4d91aa51c14a" testListId="8c84fa94-04c1-424b-9868-57a2d4851a1d" />
    <TestEntry testId="380ce1fa-39be-17e1-13f9-1d0b71958168" executionId="e9262efd-7d2b-422b-a139-2ec032ef17e6" testListId="8c84fa94-04c1-424b-9868-57a2d4851a1d" />
    <TestEntry testId="39db4ad6-0470-c93a-28bc-1f07def15e0c" executionId="5c799834-d2d0-4f38-9cd1-5b278552fee7" testListId="8c84fa94-04c1-424b-9868-57a2d4851a1d" />
    <TestEntry testId="3dd03ff9-cc8f-2b96-d662-82427948f078" executionId="f620e1e1-098f-4248-965b-276272aa8c25" testListId="8c84fa94-04c1-424b-9868-57a2d4851a1d" />
    <TestEntry testId="4461f983-8946-5d16-af26-65d1a4f53ed1" executionId="3b893771-763e-4e3e-aa22-e47554162a8d" testListId="8c84fa94-04c1-424b-9868-57a2d4851a1d" />
    <TestEntry testId="469a7281-4ca9-1da6-9b2e-0165c35a6301" executionId="5b2f3339-645f-4143-a169-af19769b554c" testListId="8c84fa94-04c1-424b-9868-57a2d4851a1d" />
    <TestEntry testId="49d4377a-26a8-d592-bb75-fd834c5bc41e" executionId="d2f788a1-0386-4cc5-b41f-29d5d68c40ca" testListId="8c84fa94-04c1-424b-9868-57a2d4851a1d" />
    <TestEntry testId="4cba324c-7e47-167e-3467-9d6ae1bce268" executionId="617117bd-8b43-40e4-b169-cb4ee7ee76ac" testListId="8c84fa94-04c1-424b-9868-57a2d4851a1d" />
    <TestEntry testId="4cdab545-325d-6a8e-66e7-e4cd6dae8196" executionId="2f202401-5a93-4ae7-8365-8e83991b635e" testListId="8c84fa94-04c1-424b-9868-57a2d4851a1d" />
    <TestEntry testId="556c8a84-2493-10b7-42ba-68c6068640eb" executionId="accf3e21-6a4f-46bd-9911-5425496f6278" testListId="8c84fa94-04c1-424b-9868-57a2d4851a1d" />
    <TestEntry testId="60a52026-449e-692a-a0ea-6d8afbea8f4c" executionId="52f69781-0d15-42ce-9f85-b0344349c31e" testListId="8c84fa94-04c1-424b-9868-57a2d4851a1d" />
    <TestEntry testId="6932cb4b-8911-cccb-7caf-5817c0fb3eea" executionId="de6d9dfa-ae5a-4eed-8c43-3f9c992af610" testListId="8c84fa94-04c1-424b-9868-57a2d4851a1d" />
    <TestEntry testId="6ca3798b-fc32-348b-8980-34ea5106609a" executionId="b617576b-f96b-4083-99b3-4e7255d640e9" testListId="8c84fa94-04c1-424b-9868-57a2d4851a1d" />
    <TestEntry testId="6d55685b-46f4-fde8-e798-159cd8416ab5" executionId="884e0bd8-e553-4708-9193-167ef6a65898" testListId="8c84fa94-04c1-424b-9868-57a2d4851a1d" />
    <TestEntry testId="795dc389-0911-fa25-be60-c425546d2806" executionId="3ae35c4b-b200-43c4-9702-6536c7060be4" testListId="8c84fa94-04c1-424b-9868-57a2d4851a1d" />
    <TestEntry testId="7a48a561-7515-6c45-9a04-9adbc9084e78" executionId="d0b4203b-1420-4ea6-aef6-9c3a7daf8c8c" testListId="8c84fa94-04c1-424b-9868-57a2d4851a1d" />
    <TestEntry testId="7de7a0d5-d295-53e2-8962-c1954227c321" executionId="75b24831-d580-4ee9-b831-cba14d31d52f" testListId="8c84fa94-04c1-424b-9868-57a2d4851a1d" />
    <TestEntry testId="864565a5-15df-1a8e-08aa-7d647653058c" executionId="8b9a9232-8322-4d29-bb5c-b2d1cea791db" testListId="8c84fa94-04c1-424b-9868-57a2d4851a1d" />
    <TestEntry testId="8ad7aad0-0e68-a4a8-1377-1068d3be66a3" executionId="f2a9401f-ac56-4bce-86c2-51983d1ddca7" testListId="8c84fa94-04c1-424b-9868-57a2d4851a1d" />
    <TestEntry testId="8f5347d8-6fe6-d602-1af5-5c967752046c" executionId="64d49e2d-9174-49d5-b0b2-c5a63e862f4c" testListId="8c84fa94-04c1-424b-9868-57a2d4851a1d" />
    <TestEntry testId="904a6971-f8a7-e4d4-7d72-daf555ccefc4" executionId="274de9a8-9418-4b63-9313-a94190422c73" testListId="8c84fa94-04c1-424b-9868-57a2d4851a1d" />
    <TestEntry testId="97380f47-e96b-7bf5-bbc0-e66396568034" executionId="71d54b98-ce02-405f-8dd8-46d35b0322b0" testListId="8c84fa94-04c1-424b-9868-57a2d4851a1d" />
    <TestEntry testId="97544b50-16de-707c-78c9-3eb4b06536b3" executionId="d08f2ff3-4b2a-4452-b7ed-83365ce14884" testListId="8c84fa94-04c1-424b-9868-57a2d4851a1d" />
    <TestEntry testId="98147b86-ba17-040b-ad0c-2a1b372e0074" executionId="253eecd5-4baa-4019-ace0-353cd0dd24f4" testListId="8c84fa94-04c1-424b-9868-57a2d4851a1d" />
    <TestEntry testId="9ed78184-81e5-6c11-8c6b-21128c71be1f" executionId="6396e2bb-132a-4a6b-8b3d-218247c303f1" testListId="8c84fa94-04c1-424b-9868-57a2d4851a1d" />
    <TestEntry testId="afde20b2-0546-cd22-3a9e-fc41c35117a1" executionId="b434f88d-80fb-4d12-b467-57a00dbbd030" testListId="8c84fa94-04c1-424b-9868-57a2d4851a1d" />
    <TestEntry testId="c3f63d5d-22cf-5484-dee1-a915c47cb523" executionId="d2c34555-21f5-4ad1-af7e-08b58ae5bc01" testListId="8c84fa94-04c1-424b-9868-57a2d4851a1d" />
    <TestEntry testId="c51a11f3-9964-c8c3-04fd-f547baaaed0d" executionId="cef5a686-4466-44d9-a4f3-8d522879a102" testListId="8c84fa94-04c1-424b-9868-57a2d4851a1d" />
    <TestEntry testId="c9509a84-3973-4caa-0861-5d2d1a0da226" executionId="e229abd7-7653-4921-ae5d-846203d3153b" testListId="8c84fa94-04c1-424b-9868-57a2d4851a1d" />
    <TestEntry testId="cec834ae-44f0-06b2-1f3f-f2c8153f0e0b" executionId="79fe766b-985a-4d5a-9300-312d93d79903" testListId="8c84fa94-04c1-424b-9868-57a2d4851a1d" />
    <TestEntry testId="da3cd83c-4bbd-1ed1-c5b3-f5722ce9b538" executionId="42c86c3b-5ceb-4011-b848-44786e1d6c98" testListId="8c84fa94-04c1-424b-9868-57a2d4851a1d" />
    <TestEntry testId="da5a3ff1-16a7-80e0-2357-ad8369abac4d" executionId="45e1c32a-0a43-4865-b2fb-36037ccadf1f" testListId="8c84fa94-04c1-424b-9868-57a2d4851a1d" />
    <TestEntry testId="dd086e4f-c994-08da-5de0-fb43ead512fb" executionId="2b01f390-ab84-46e9-a4ce-603b6b7fdbb6" testListId="8c84fa94-04c1-424b-9868-57a2d4851a1d" />
    <TestEntry testId="de3c044a-56e0-03c5-3209-f32608ed4049" executionId="72d1c2d1-a29d-45b9-bbe2-892a456a81fd" testListId="8c84fa94-04c1-424b-9868-57a2d4851a1d" />
    <TestEntry testId="e73ca61a-ac0c-aa3e-48bc-61dd459523d5" executionId="7065a9c6-34bd-41f4-a04b-5371959e4a27" testListId="8c84fa94-04c1-424b-9868-57a2d4851a1d" />
    <TestEntry testId="fbb29759-04b2-8d83-bd32-96dcd1652ca9" executionId="feced855-33b0-47b1-91ae-9e10097a726a" testListId="8c84fa94-04c1-424b-9868-57a2d4851a1d" />
    <TestEntry testId="fe729062-87b7-bade-022a-3278e2441a36" executionId="ec56e95e-b8c2-4503-a302-5a54cb1fb0a4" testListId="8c84fa94-04c1-424b-9868-57a2d4851a1d" />
  </TestEntries>
  <Results>
    <UnitTestResult executionId="ebd26f15-800a-4e38-8833-4204ddc41e89" testId="01ca775d-8ead-c78e-0e1a-102ca0260877" testName="ClampNaN" computerName="MENORIG" duration="00:00:00.0502402" startTime="2011-11-18T15:56:09.7090000-05:00" endTime="2011-11-18T15:56:10.2570000-05:00" testType="13cdc9d9-ddb5-4fa4-a97d-d965ccfc6d4b" outcome="Passed" testListId="8c84fa94-04c1-424b-9868-57a2d4851a1d" relativeResultsDirectory="ebd26f15-800a-4e38-8833-4204ddc41e89">
    </UnitTestResult>
    <UnitTestResult executionId="b0885845-fd30-4d76-8c0a-08dfe5ae3550" testId="08ff9ac2-17b4-96f9-1e93-3cd69cccff77" testName="AddRemoveGameObject" computerName="MENORIG" duration="00:00:00.1083238" startTime="2011-11-18T15:56:10.2590000-05:00" endTime="2011-11-18T15:56:10.3730000-05:00" testType="13cdc9d9-ddb5-4fa4-a97d-d965ccfc6d4b" outcome="Failed" testListId="8c84fa94-04c1-424b-9868-57a2d4851a1d" relativeResultsDirectory="b0885845-fd30-4d76-8c0a-08dfe5ae3550">
      <Output>
        <ErrorInfo>
          <Message>Test method Friendly_Wars_Test.WorldTest.AddRemoveGameObject threw exception: 
System.IO.FileNotFoundException: Could not load file or assembly 'System.Windows, Version=2.0.5.0, Culture=neutral, PublicKeyToken=7cec85d7bea7798e' or one of its dependencies. The system cannot find the file specified.WRN: Assembly binding logging is turned OFF.
To enable assembly bind failure logging, set the registry value [HKLM\Software\Microsoft\Fusion!EnableLog] (DWORD) to 1.
Note: There is some performance penalty associated with assembly bind failure logging.
To turn this feature off, remove the registry value [HKLM\Software\Microsoft\Fusion!EnableLog].
</Message>
          <StackTrace>    at Friendly_Wars.Engine.Utilities.EngineTimer.Start()
   at Friendly_Wars.Engine.Object.World..ctor() in D:\Coolege\OOSE\Angry Friends\angry-friends\Friendly Wars\Engine\Object\World.cs:line 53
   at Friendly_Wars.Engine.Object.World.get_Instance() in D:\Coolege\OOSE\Angry Friends\angry-friends\Friendly Wars\Engine\Object\World.cs:line 66
   at Friendly_Wars_Test.WorldTest.AddRemoveGameObject() in D:\Coolege\OOSE\Angry Friends\angry-friends\Friendly Wars Test\WorldTest.cs:line 95
</StackTrace>
        </ErrorInfo>
      </Output>
    </UnitTestResult>
    <UnitTestResult executionId="57a6834a-eaac-4642-9ade-64d2f6ffe67e" testId="0d763647-d708-aa21-9647-504d72287cc1" testName="EmptyOnStart" computerName="MENORIG" duration="00:00:00.0031581" startTime="2011-11-18T15:56:10.3740000-05:00" endTime="2011-11-18T15:56:10.3830000-05:00" testType="13cdc9d9-ddb5-4fa4-a97d-d965ccfc6d4b" outcome="Failed" testListId="8c84fa94-04c1-424b-9868-57a2d4851a1d" relativeResultsDirectory="57a6834a-eaac-4642-9ade-64d2f6ffe67e">
      <Output>
        <ErrorInfo>
          <Message>Test method Friendly_Wars_Test.WorldTest.EmptyOnStart threw exception: 
System.IO.FileNotFoundException: Could not load file or assembly 'System.Windows, Version=2.0.5.0, Culture=neutral, PublicKeyToken=7cec85d7bea7798e' or one of its dependencies. The system cannot find the file specified.WRN: Assembly binding logging is turned OFF.
To enable assembly bind failure logging, set the registry value [HKLM\Software\Microsoft\Fusion!EnableLog] (DWORD) to 1.
Note: There is some performance penalty associated with assembly bind failure logging.
To turn this feature off, remove the registry value [HKLM\Software\Microsoft\Fusion!EnableLog].
</Message>
          <StackTrace>    at Friendly_Wars.Engine.Utilities.EngineTimer.Start()
   at Friendly_Wars.Engine.Object.World..ctor() in D:\Coolege\OOSE\Angry Friends\angry-friends\Friendly Wars\Engine\Object\World.cs:line 53
   at Friendly_Wars.Engine.Object.World.get_Instance() in D:\Coolege\OOSE\Angry Friends\angry-friends\Friendly Wars\Engine\Object\World.cs:line 66
   at Friendly_Wars_Test.WorldTest.EmptyOnStart() in D:\Coolege\OOSE\Angry Friends\angry-friends\Friendly Wars Test\WorldTest.cs:line 32
</StackTrace>
        </ErrorInfo>
      </Output>
    </UnitTestResult>
    <UnitTestResult executionId="02801f70-c761-4f1d-a42e-3473b886b736" testId="17bb9991-4a83-6396-3d77-56b34ba68fb3" testName="UpdateEmptyWorldNaNDelta" computerName="MENORIG" duration="00:00:00.0045422" startTime="2011-11-18T15:56:10.3840000-05:00" endTime="2011-11-18T15:56:10.3940000-05:00" testType="13cdc9d9-ddb5-4fa4-a97d-d965ccfc6d4b" outcome="Failed" testListId="8c84fa94-04c1-424b-9868-57a2d4851a1d" relativeResultsDirectory="02801f70-c761-4f1d-a42e-3473b886b736">
      <Output>
        <ErrorInfo>
          <Message>Test method Friendly_Wars_Test.WorldTest.UpdateEmptyWorldNaNDelta threw exception System.IO.FileNotFoundException, but exception System.ArgumentException was expected. Exception message: System.IO.FileNotFoundException: Could not load file or assembly 'System.Windows, Version=2.0.5.0, Culture=neutral, PublicKeyToken=7cec85d7bea7798e' or one of its dependencies. The system cannot find the file specified.WRN: Assembly binding logging is turned OFF.
To enable assembly bind failure logging, set the registry value [HKLM\Software\Microsoft\Fusion!EnableLog] (DWORD) to 1.
Note: There is some performance penalty associated with assembly bind failure logging.
To turn this feature off, remove the registry value [HKLM\Software\Microsoft\Fusion!EnableLog].
</Message>
          <StackTrace>    at Friendly_Wars.Engine.Utilities.EngineTimer.Start()
   at Friendly_Wars.Engine.Object.World..ctor() in D:\Coolege\OOSE\Angry Friends\angry-friends\Friendly Wars\Engine\Object\World.cs:line 53
   at Friendly_Wars.Engine.Object.World.get_Instance() in D:\Coolege\OOSE\Angry Friends\angry-friends\Friendly Wars\Engine\Object\World.cs:line 66
   at Friendly_Wars_Test.WorldTest.UpdateEmptyWorldNaNDelta() in D:\Coolege\OOSE\Angry Friends\angry-friends\Friendly Wars Test\WorldTest.cs:line 268
</StackTrace>
        </ErrorInfo>
      </Output>
    </UnitTestResult>
    <UnitTestResult executionId="b3fdfc35-a0a0-4bd9-b99d-3e2b9bae5f6f" testId="1956044c-517e-a1a9-2b87-55593a13fa96" testName="ClampPositiveInfinity" computerName="MENORIG" duration="00:00:00.0002423" startTime="2011-11-18T15:56:10.3940000-05:00" endTime="2011-11-18T15:56:10.4010000-05:00" testType="13cdc9d9-ddb5-4fa4-a97d-d965ccfc6d4b" outcome="Passed" testListId="8c84fa94-04c1-424b-9868-57a2d4851a1d" relativeResultsDirectory="b3fdfc35-a0a0-4bd9-b99d-3e2b9bae5f6f">
    </UnitTestResult>
    <UnitTestResult executionId="e5c93773-66cf-4339-9f22-7506acce732b" testId="2b82d53e-63cc-5dfb-536f-f25fd8587136" testName="AddRemoveGameObjects" computerName="MENORIG" duration="00:00:00.0028637" startTime="2011-11-18T15:56:10.4020000-05:00" endTime="2011-11-18T15:56:10.4110000-05:00" testType="13cdc9d9-ddb5-4fa4-a97d-d965ccfc6d4b" outcome="Failed" testListId="8c84fa94-04c1-424b-9868-57a2d4851a1d" relativeResultsDirectory="e5c93773-66cf-4339-9f22-7506acce732b">
      <Output>
        <ErrorInfo>
          <Message>Test method Friendly_Wars_Test.WorldTest.AddRemoveGameObjects threw exception: 
System.IO.FileNotFoundException: Could not load file or assembly 'System.Windows, Version=2.0.5.0, Culture=neutral, PublicKeyToken=7cec85d7bea7798e' or one of its dependencies. The system cannot find the file specified.WRN: Assembly binding logging is turned OFF.
To enable assembly bind failure logging, set the registry value [HKLM\Software\Microsoft\Fusion!EnableLog] (DWORD) to 1.
Note: There is some performance penalty associated with assembly bind failure logging.
To turn this feature off, remove the registry value [HKLM\Software\Microsoft\Fusion!EnableLog].
</Message>
          <StackTrace>    at Friendly_Wars.Engine.Utilities.EngineTimer.Start()
   at Friendly_Wars.Engine.Object.World..ctor() in D:\Coolege\OOSE\Angry Friends\angry-friends\Friendly Wars\Engine\Object\World.cs:line 53
   at Friendly_Wars.Engine.Object.World.get_Instance() in D:\Coolege\OOSE\Angry Friends\angry-friends\Friendly Wars\Engine\Object\World.cs:line 66
   at Friendly_Wars_Test.WorldTest.AddRemoveGameObjects() in D:\Coolege\OOSE\Angry Friends\angry-friends\Friendly Wars Test\WorldTest.cs:line 120
</StackTrace>
        </ErrorInfo>
      </Output>
    </UnitTestResult>
    <UnitTestResult executionId="b074af38-aaea-4960-8210-6f5ea33cb1d5" testId="31378eda-421e-b27a-f876-07a847a28c76" testName="AddGameObjectTwice" computerName="MENORIG" duration="00:00:00.0033424" startTime="2011-11-18T15:56:10.4120000-05:00" endTime="2011-11-18T15:56:10.4220000-05:00" testType="13cdc9d9-ddb5-4fa4-a97d-d965ccfc6d4b" outcome="Failed" testListId="8c84fa94-04c1-424b-9868-57a2d4851a1d" relativeResultsDirectory="b074af38-aaea-4960-8210-6f5ea33cb1d5">
      <Output>
        <ErrorInfo>
          <Message>Test method Friendly_Wars_Test.WorldTest.AddGameObjectTwice threw exception System.IO.FileNotFoundException, but exception System.ArgumentException was expected. Exception message: System.IO.FileNotFoundException: Could not load file or assembly 'System.Windows, Version=2.0.5.0, Culture=neutral, PublicKeyToken=7cec85d7bea7798e' or one of its dependencies. The system cannot find the file specified.WRN: Assembly binding logging is turned OFF.
To enable assembly bind failure logging, set the registry value [HKLM\Software\Microsoft\Fusion!EnableLog] (DWORD) to 1.
Note: There is some performance penalty associated with assembly bind failure logging.
To turn this feature off, remove the registry value [HKLM\Software\Microsoft\Fusion!EnableLog].
</Message>
          <StackTrace>    at Friendly_Wars.Engine.Utilities.EngineTimer.Start()
   at Friendly_Wars.Engine.Object.World..ctor() in D:\Coolege\OOSE\Angry Friends\angry-friends\Friendly Wars\Engine\Object\World.cs:line 53
   at Friendly_Wars.Engine.Object.World.get_Instance() in D:\Coolege\OOSE\Angry Friends\angry-friends\Friendly Wars\Engine\Object\World.cs:line 66
   at Friendly_Wars_Test.WorldTest.AddGameObjectTwice() in D:\Coolege\OOSE\Angry Friends\angry-friends\Friendly Wars Test\WorldTest.cs:line 54
</StackTrace>
        </ErrorInfo>
      </Output>
    </UnitTestResult>
    <UnitTestResult executionId="eb8538d8-8777-48b0-b519-4d91aa51c14a" testId="33fdc490-8eca-d5c9-fc5f-a326e2740e9f" testName="FindObjectByName" computerName="MENORIG" duration="00:00:00.0034052" startTime="2011-11-18T15:56:10.4240000-05:00" endTime="2011-11-18T15:56:10.4320000-05:00" testType="13cdc9d9-ddb5-4fa4-a97d-d965ccfc6d4b" outcome="Failed" testListId="8c84fa94-04c1-424b-9868-57a2d4851a1d" relativeResultsDirectory="eb8538d8-8777-48b0-b519-4d91aa51c14a">
      <Output>
        <ErrorInfo>
          <Message>Test method Friendly_Wars_Test.WorldTest.FindObjectByName threw exception: 
System.IO.FileNotFoundException: Could not load file or assembly 'System.Windows, Version=2.0.5.0, Culture=neutral, PublicKeyToken=7cec85d7bea7798e' or one of its dependencies. The system cannot find the file specified.WRN: Assembly binding logging is turned OFF.
To enable assembly bind failure logging, set the registry value [HKLM\Software\Microsoft\Fusion!EnableLog] (DWORD) to 1.
Note: There is some performance penalty associated with assembly bind failure logging.
To turn this feature off, remove the registry value [HKLM\Software\Microsoft\Fusion!EnableLog].
</Message>
          <StackTrace>    at Friendly_Wars.Engine.Utilities.EngineTimer.Start()
   at Friendly_Wars.Engine.Object.World..ctor() in D:\Coolege\OOSE\Angry Friends\angry-friends\Friendly Wars\Engine\Object\World.cs:line 53
   at Friendly_Wars.Engine.Object.World.get_Instance() in D:\Coolege\OOSE\Angry Friends\angry-friends\Friendly Wars\Engine\Object\World.cs:line 66
   at Friendly_Wars_Test.WorldTest.FindObjectByName() in D:\Coolege\OOSE\Angry Friends\angry-friends\Friendly Wars Test\WorldTest.cs:line 133
</StackTrace>
        </ErrorInfo>
      </Output>
    </UnitTestResult>
    <UnitTestResult executionId="e9262efd-7d2b-422b-a139-2ec032ef17e6" testId="380ce1fa-39be-17e1-13f9-1d0b71958168" testName="FindObjectByNullName" computerName="MENORIG" duration="00:00:00.0026423" startTime="2011-11-18T15:56:10.4330000-05:00" endTime="2011-11-18T15:56:10.4410000-05:00" testType="13cdc9d9-ddb5-4fa4-a97d-d965ccfc6d4b" outcome="Failed" testListId="8c84fa94-04c1-424b-9868-57a2d4851a1d" relativeResultsDirectory="e9262efd-7d2b-422b-a139-2ec032ef17e6">
      <Output>
        <ErrorInfo>
          <Message>Test method Friendly_Wars_Test.WorldTest.FindObjectByNullName threw exception: 
System.IO.FileNotFoundException: Could not load file or assembly 'System.Windows, Version=2.0.5.0, Culture=neutral, PublicKeyToken=7cec85d7bea7798e' or one of its dependencies. The system cannot find the file specified.WRN: Assembly binding logging is turned OFF.
To enable assembly bind failure logging, set the registry value [HKLM\Software\Microsoft\Fusion!EnableLog] (DWORD) to 1.
Note: There is some performance penalty associated with assembly bind failure logging.
To turn this feature off, remove the registry value [HKLM\Software\Microsoft\Fusion!EnableLog].
</Message>
          <StackTrace>    at Friendly_Wars.Engine.Utilities.EngineTimer.Start()
   at Friendly_Wars.Engine.Object.World..ctor() in D:\Coolege\OOSE\Angry Friends\angry-friends\Friendly Wars\Engine\Object\World.cs:line 53
   at Friendly_Wars.Engine.Object.World.get_Instance() in D:\Coolege\OOSE\Angry Friends\angry-friends\Friendly Wars\Engine\Object\World.cs:line 66
   at Friendly_Wars_Test.WorldTest.FindObjectByNullName() in D:\Coolege\OOSE\Angry Friends\angry-friends\Friendly Wars Test\WorldTest.cs:line 143
</StackTrace>
        </ErrorInfo>
      </Output>
    </UnitTestResult>
    <UnitTestResult executionId="5c799834-d2d0-4f38-9cd1-5b278552fee7" testId="39db4ad6-0470-c93a-28bc-1f07def15e0c" testName="AddGameObjectSameName" computerName="MENORIG" duration="00:00:00.0033220" startTime="2011-11-18T15:56:10.4420000-05:00" endTime="2011-11-18T15:56:10.4510000-05:00" testType="13cdc9d9-ddb5-4fa4-a97d-d965ccfc6d4b" outcome="Failed" testListId="8c84fa94-04c1-424b-9868-57a2d4851a1d" relativeResultsDirectory="5c799834-d2d0-4f38-9cd1-5b278552fee7">
      <Output>
        <ErrorInfo>
          <Message>Test method Friendly_Wars_Test.WorldTest.AddGameObjectSameName threw exception: 
System.IO.FileNotFoundException: Could not load file or assembly 'System.Windows, Version=2.0.5.0, Culture=neutral, PublicKeyToken=7cec85d7bea7798e' or one of its dependencies. The system cannot find the file specified.WRN: Assembly binding logging is turned OFF.
To enable assembly bind failure logging, set the registry value [HKLM\Software\Microsoft\Fusion!EnableLog] (DWORD) to 1.
Note: There is some performance penalty associated with assembly bind failure logging.
To turn this feature off, remove the registry value [HKLM\Software\Microsoft\Fusion!EnableLog].
</Message>
          <StackTrace>    at Friendly_Wars.Engine.Utilities.EngineTimer.Start()
   at Friendly_Wars.Engine.Object.World..ctor() in D:\Coolege\OOSE\Angry Friends\angry-friends\Friendly Wars\Engine\Object\World.cs:line 53
   at Friendly_Wars.Engine.Object.World.get_Instance() in D:\Coolege\OOSE\Angry Friends\angry-friends\Friendly Wars\Engine\Object\World.cs:line 66
   at Friendly_Wars_Test.WorldTest.AddGameObjectSameName() in D:\Coolege\OOSE\Angry Friends\angry-friends\Friendly Wars Test\WorldTest.cs:line 63
</StackTrace>
        </ErrorInfo>
      </Output>
    </UnitTestResult>
    <UnitTestResult executionId="f620e1e1-098f-4248-965b-276272aa8c25" testId="3dd03ff9-cc8f-2b96-d662-82427948f078" testName="ApproximatelyEqual" computerName="MENORIG" duration="00:00:00.0003967" startTime="2011-11-18T15:56:10.4520000-05:00" endTime="2011-11-18T15:56:10.4580000-05:00" testType="13cdc9d9-ddb5-4fa4-a97d-d965ccfc6d4b" outcome="Passed" testListId="8c84fa94-04c1-424b-9868-57a2d4851a1d" relativeResultsDirectory="f620e1e1-098f-4248-965b-276272aa8c25">
    </UnitTestResult>
    <UnitTestResult executionId="3b893771-763e-4e3e-aa22-e47554162a8d" testId="4461f983-8946-5d16-af26-65d1a4f53ed1" testName="AddGameObjectWithTag" computerName="MENORIG" duration="00:00:00.0026666" startTime="2011-11-18T15:56:10.4600000-05:00" endTime="2011-11-18T15:56:10.4680000-05:00" testType="13cdc9d9-ddb5-4fa4-a97d-d965ccfc6d4b" outcome="Failed" testListId="8c84fa94-04c1-424b-9868-57a2d4851a1d" relativeResultsDirectory="3b893771-763e-4e3e-aa22-e47554162a8d">
      <Output>
        <ErrorInfo>
          <Message>Test method Friendly_Wars_Test.WorldTest.AddGameObjectWithTag threw exception: 
System.IO.FileNotFoundException: Could not load file or assembly 'System.Windows, Version=2.0.5.0, Culture=neutral, PublicKeyToken=7cec85d7bea7798e' or one of its dependencies. The system cannot find the file specified.WRN: Assembly binding logging is turned OFF.
To enable assembly bind failure logging, set the registry value [HKLM\Software\Microsoft\Fusion!EnableLog] (DWORD) to 1.
Note: There is some performance penalty associated with assembly bind failure logging.
To turn this feature off, remove the registry value [HKLM\Software\Microsoft\Fusion!EnableLog].
</Message>
          <StackTrace>    at Friendly_Wars.Engine.Utilities.EngineTimer.Start()
   at Friendly_Wars.Engine.Object.World..ctor() in D:\Coolege\OOSE\Angry Friends\angry-friends\Friendly Wars\Engine\Object\World.cs:line 53
   at Friendly_Wars.Engine.Object.World.get_Instance() in D:\Coolege\OOSE\Angry Friends\angry-friends\Friendly Wars\Engine\Object\World.cs:line 66
   at Friendly_Wars_Test.WorldTest.AddGameObjectWithTag() in D:\Coolege\OOSE\Angry Friends\angry-friends\Friendly Wars Test\WorldTest.cs:line 47
</StackTrace>
        </ErrorInfo>
      </Output>
    </UnitTestResult>
    <UnitTestResult executionId="5b2f3339-645f-4143-a169-af19769b554c" testId="469a7281-4ca9-1da6-9b2e-0165c35a6301" testName="FindObjectByNonmatchingTag" computerName="MENORIG" duration="00:00:00.0030984" startTime="2011-11-18T15:56:10.4690000-05:00" endTime="2011-11-18T15:56:10.4770000-05:00" testType="13cdc9d9-ddb5-4fa4-a97d-d965ccfc6d4b" outcome="Failed" testListId="8c84fa94-04c1-424b-9868-57a2d4851a1d" relativeResultsDirectory="5b2f3339-645f-4143-a169-af19769b554c">
      <Output>
        <ErrorInfo>
          <Message>Test method Friendly_Wars_Test.WorldTest.FindObjectByNonmatchingTag threw exception: 
System.IO.FileNotFoundException: Could not load file or assembly 'System.Windows, Version=2.0.5.0, Culture=neutral, PublicKeyToken=7cec85d7bea7798e' or one of its dependencies. The system cannot find the file specified.WRN: Assembly binding logging is turned OFF.
To enable assembly bind failure logging, set the registry value [HKLM\Software\Microsoft\Fusion!EnableLog] (DWORD) to 1.
Note: There is some performance penalty associated with assembly bind failure logging.
To turn this feature off, remove the registry value [HKLM\Software\Microsoft\Fusion!EnableLog].
</Message>
          <StackTrace>    at Friendly_Wars.Engine.Utilities.EngineTimer.Start()
   at Friendly_Wars.Engine.Object.World..ctor() in D:\Coolege\OOSE\Angry Friends\angry-friends\Friendly Wars\Engine\Object\World.cs:line 53
   at Friendly_Wars.Engine.Object.World.get_Instance() in D:\Coolege\OOSE\Angry Friends\angry-friends\Friendly Wars\Engine\Object\World.cs:line 66
   at Friendly_Wars_Test.WorldTest.FindObjectByNonmatchingTag() in D:\Coolege\OOSE\Angry Friends\angry-friends\Friendly Wars Test\WorldTest.cs:line 196
</StackTrace>
        </ErrorInfo>
      </Output>
    </UnitTestResult>
    <UnitTestResult executionId="d2f788a1-0386-4cc5-b41f-29d5d68c40ca" testId="49d4377a-26a8-d592-bb75-fd834c5bc41e" testName="FindObjectByNonmatchingUid" computerName="MENORIG" duration="00:00:00.0031961" startTime="2011-11-18T15:56:10.4780000-05:00" endTime="2011-11-18T15:56:10.4870000-05:00" testType="13cdc9d9-ddb5-4fa4-a97d-d965ccfc6d4b" outcome="Failed" testListId="8c84fa94-04c1-424b-9868-57a2d4851a1d" relativeResultsDirectory="d2f788a1-0386-4cc5-b41f-29d5d68c40ca">
      <Output>
        <ErrorInfo>
          <Message>Test method Friendly_Wars_Test.WorldTest.FindObjectByNonmatchingUid threw exception: 
System.IO.FileNotFoundException: Could not load file or assembly 'System.Windows, Version=2.0.5.0, Culture=neutral, PublicKeyToken=7cec85d7bea7798e' or one of its dependencies. The system cannot find the file specified.WRN: Assembly binding logging is turned OFF.
To enable assembly bind failure logging, set the registry value [HKLM\Software\Microsoft\Fusion!EnableLog] (DWORD) to 1.
Note: There is some performance penalty associated with assembly bind failure logging.
To turn this feature off, remove the registry value [HKLM\Software\Microsoft\Fusion!EnableLog].
</Message>
          <StackTrace>    at Friendly_Wars.Engine.Utilities.EngineTimer.Start()
   at Friendly_Wars.Engine.Object.World..ctor() in D:\Coolege\OOSE\Angry Friends\angry-friends\Friendly Wars\Engine\Object\World.cs:line 53
   at Friendly_Wars.Engine.Object.World.get_Instance() in D:\Coolege\OOSE\Angry Friends\angry-friends\Friendly Wars\Engine\Object\World.cs:line 66
   at Friendly_Wars_Test.WorldTest.FindObjectByNonmatchingUid() in D:\Coolege\OOSE\Angry Friends\angry-friends\Friendly Wars Test\WorldTest.cs:line 230
</StackTrace>
        </ErrorInfo>
      </Output>
    </UnitTestResult>
    <UnitTestResult executionId="617117bd-8b43-40e4-b169-cb4ee7ee76ac" testId="4cba324c-7e47-167e-3467-9d6ae1bce268" testName="AddGameObjectsRemoveOne" computerName="MENORIG" duration="00:00:00.0030715" startTime="2011-11-18T15:56:10.4880000-05:00" endTime="2011-11-18T15:56:10.4960000-05:00" testType="13cdc9d9-ddb5-4fa4-a97d-d965ccfc6d4b" outcome="Failed" testListId="8c84fa94-04c1-424b-9868-57a2d4851a1d" relativeResultsDirectory="617117bd-8b43-40e4-b169-cb4ee7ee76ac">
      <Output>
        <ErrorInfo>
          <Message>Test method Friendly_Wars_Test.WorldTest.AddGameObjectsRemoveOne threw exception: 
System.IO.FileNotFoundException: Could not load file or assembly 'System.Windows, Version=2.0.5.0, Culture=neutral, PublicKeyToken=7cec85d7bea7798e' or one of its dependencies. The system cannot find the file specified.WRN: Assembly binding logging is turned OFF.
To enable assembly bind failure logging, set the registry value [HKLM\Software\Microsoft\Fusion!EnableLog] (DWORD) to 1.
Note: There is some performance penalty associated with assembly bind failure logging.
To turn this feature off, remove the registry value [HKLM\Software\Microsoft\Fusion!EnableLog].
</Message>
          <StackTrace>    at Friendly_Wars.Engine.Utilities.EngineTimer.Start()
   at Friendly_Wars.Engine.Object.World..ctor() in D:\Coolege\OOSE\Angry Friends\angry-friends\Friendly Wars\Engine\Object\World.cs:line 53
   at Friendly_Wars.Engine.Object.World.get_Instance() in D:\Coolege\OOSE\Angry Friends\angry-friends\Friendly Wars\Engine\Object\World.cs:line 66
   at Friendly_Wars_Test.WorldTest.AddGameObjectsRemoveOne() in D:\Coolege\OOSE\Angry Friends\angry-friends\Friendly Wars Test\WorldTest.cs:line 106
</StackTrace>
        </ErrorInfo>
      </Output>
    </UnitTestResult>
    <UnitTestResult executionId="2f202401-5a93-4ae7-8365-8e83991b635e" testId="4cdab545-325d-6a8e-66e7-e4cd6dae8196" testName="CreateAndRetrieveSameReference" computerName="MENORIG" duration="00:00:00.0026018" startTime="2011-11-18T15:56:10.4980000-05:00" endTime="2011-11-18T15:56:10.5050000-05:00" testType="13cdc9d9-ddb5-4fa4-a97d-d965ccfc6d4b" outcome="Failed" testListId="8c84fa94-04c1-424b-9868-57a2d4851a1d" relativeResultsDirectory="2f202401-5a93-4ae7-8365-8e83991b635e">
      <Output>
        <ErrorInfo>
          <Message>Test method Friendly_Wars_Test.WorldTest.CreateAndRetrieveSameReference threw exception: 
System.IO.FileNotFoundException: Could not load file or assembly 'System.Windows, Version=2.0.5.0, Culture=neutral, PublicKeyToken=7cec85d7bea7798e' or one of its dependencies. The system cannot find the file specified.WRN: Assembly binding logging is turned OFF.
To enable assembly bind failure logging, set the registry value [HKLM\Software\Microsoft\Fusion!EnableLog] (DWORD) to 1.
Note: There is some performance penalty associated with assembly bind failure logging.
To turn this feature off, remove the registry value [HKLM\Software\Microsoft\Fusion!EnableLog].
</Message>
          <StackTrace>    at Friendly_Wars.Engine.Utilities.EngineTimer.Start()
   at Friendly_Wars.Engine.Object.World..ctor() in D:\Coolege\OOSE\Angry Friends\angry-friends\Friendly Wars\Engine\Object\World.cs:line 53
   at Friendly_Wars.Engine.Object.World.get_Instance() in D:\Coolege\OOSE\Angry Friends\angry-friends\Friendly Wars\Engine\Object\World.cs:line 66
   at Friendly_Wars_Test.WorldTest.CreateAndRetrieveSameReference() in D:\Coolege\OOSE\Angry Friends\angry-friends\Friendly Wars Test\WorldTest.cs:line 23
</StackTrace>
        </ErrorInfo>
      </Output>
    </UnitTestResult>
    <UnitTestResult executionId="accf3e21-6a4f-46bd-9911-5425496f6278" testId="556c8a84-2493-10b7-42ba-68c6068640eb" testName="AddGameObject" computerName="MENORIG" duration="00:00:00.0103325" startTime="2011-11-18T15:56:10.5070000-05:00" endTime="2011-11-18T15:56:10.5230000-05:00" testType="13cdc9d9-ddb5-4fa4-a97d-d965ccfc6d4b" outcome="Failed" testListId="8c84fa94-04c1-424b-9868-57a2d4851a1d" relativeResultsDirectory="accf3e21-6a4f-46bd-9911-5425496f6278">
      <Output>
        <ErrorInfo>
          <Message>Test method Friendly_Wars_Test.WorldTest.AddGameObject threw exception: 
System.IO.FileNotFoundException: Could not load file or assembly 'System.Windows, Version=2.0.5.0, Culture=neutral, PublicKeyToken=7cec85d7bea7798e' or one of its dependencies. The system cannot find the file specified.WRN: Assembly binding logging is turned OFF.
To enable assembly bind failure logging, set the registry value [HKLM\Software\Microsoft\Fusion!EnableLog] (DWORD) to 1.
Note: There is some performance penalty associated with assembly bind failure logging.
To turn this feature off, remove the registry value [HKLM\Software\Microsoft\Fusion!EnableLog].
</Message>
          <StackTrace>    at Friendly_Wars.Engine.Utilities.EngineTimer.Start()
   at Friendly_Wars.Engine.Object.World..ctor() in D:\Coolege\OOSE\Angry Friends\angry-friends\Friendly Wars\Engine\Object\World.cs:line 53
   at Friendly_Wars.Engine.Object.World.get_Instance() in D:\Coolege\OOSE\Angry Friends\angry-friends\Friendly Wars\Engine\Object\World.cs:line 66
   at Friendly_Wars_Test.WorldTest.AddGameObject() in D:\Coolege\OOSE\Angry Friends\angry-friends\Friendly Wars Test\WorldTest.cs:line 38
</StackTrace>
        </ErrorInfo>
      </Output>
    </UnitTestResult>
    <UnitTestResult executionId="52f69781-0d15-42ce-9f85-b0344349c31e" testId="60a52026-449e-692a-a0ea-6d8afbea8f4c" testName="UpdateEmptyWorldNInfiniteDelta" computerName="MENORIG" duration="00:00:00.0044454" startTime="2011-11-18T15:56:10.5240000-05:00" endTime="2011-11-18T15:56:10.5340000-05:00" testType="13cdc9d9-ddb5-4fa4-a97d-d965ccfc6d4b" outcome="Failed" testListId="8c84fa94-04c1-424b-9868-57a2d4851a1d" relativeResultsDirectory="52f69781-0d15-42ce-9f85-b0344349c31e">
      <Output>
        <ErrorInfo>
          <Message>Test method Friendly_Wars_Test.WorldTest.UpdateEmptyWorldNInfiniteDelta threw exception System.IO.FileNotFoundException, but exception System.ArgumentException was expected. Exception message: System.IO.FileNotFoundException: Could not load file or assembly 'System.Windows, Version=2.0.5.0, Culture=neutral, PublicKeyToken=7cec85d7bea7798e' or one of its dependencies. The system cannot find the file specified.WRN: Assembly binding logging is turned OFF.
To enable assembly bind failure logging, set the registry value [HKLM\Software\Microsoft\Fusion!EnableLog] (DWORD) to 1.
Note: There is some performance penalty associated with assembly bind failure logging.
To turn this feature off, remove the registry value [HKLM\Software\Microsoft\Fusion!EnableLog].
</Message>
          <StackTrace>    at Friendly_Wars.Engine.Utilities.EngineTimer.Start()
   at Friendly_Wars.Engine.Object.World..ctor() in D:\Coolege\OOSE\Angry Friends\angry-friends\Friendly Wars\Engine\Object\World.cs:line 53
   at Friendly_Wars.Engine.Object.World.get_Instance() in D:\Coolege\OOSE\Angry Friends\angry-friends\Friendly Wars\Engine\Object\World.cs:line 66
   at Friendly_Wars_Test.WorldTest.UpdateEmptyWorldNInfiniteDelta() in D:\Coolege\OOSE\Angry Friends\angry-friends\Friendly Wars Test\WorldTest.cs:line 262
</StackTrace>
        </ErrorInfo>
      </Output>
    </UnitTestResult>
    <UnitTestResult executionId="de6d9dfa-ae5a-4eed-8c43-3f9c992af610" testId="6932cb4b-8911-cccb-7caf-5817c0fb3eea" testName="FindObjectByTag" computerName="MENORIG" duration="00:00:00.0032989" startTime="2011-11-18T15:56:10.5350000-05:00" endTime="2011-11-18T15:56:10.5430000-05:00" testType="13cdc9d9-ddb5-4fa4-a97d-d965ccfc6d4b" outcome="Failed" testListId="8c84fa94-04c1-424b-9868-57a2d4851a1d" relativeResultsDirectory="de6d9dfa-ae5a-4eed-8c43-3f9c992af610">
      <Output>
        <ErrorInfo>
          <Message>Test method Friendly_Wars_Test.WorldTest.FindObjectByTag threw exception: 
System.IO.FileNotFoundException: Could not load file or assembly 'System.Windows, Version=2.0.5.0, Culture=neutral, PublicKeyToken=7cec85d7bea7798e' or one of its dependencies. The system cannot find the file specified.WRN: Assembly binding logging is turned OFF.
To enable assembly bind failure logging, set the registry value [HKLM\Software\Microsoft\Fusion!EnableLog] (DWORD) to 1.
Note: There is some performance penalty associated with assembly bind failure logging.
To turn this feature off, remove the registry value [HKLM\Software\Microsoft\Fusion!EnableLog].
</Message>
          <StackTrace>    at Friendly_Wars.Engine.Utilities.EngineTimer.Start()
   at Friendly_Wars.Engine.Object.World..ctor() in D:\Coolege\OOSE\Angry Friends\angry-friends\Friendly Wars\Engine\Object\World.cs:line 53
   at Friendly_Wars.Engine.Object.World.get_Instance() in D:\Coolege\OOSE\Angry Friends\angry-friends\Friendly Wars\Engine\Object\World.cs:line 66
   at Friendly_Wars_Test.WorldTest.FindObjectByTag() in D:\Coolege\OOSE\Angry Friends\angry-friends\Friendly Wars Test\WorldTest.cs:line 175
</StackTrace>
        </ErrorInfo>
      </Output>
    </UnitTestResult>
    <UnitTestResult executionId="b617576b-f96b-4083-99b3-4e7255d640e9" testId="6ca3798b-fc32-348b-8980-34ea5106609a" testName="ClampFromUnder" computerName="MENORIG" duration="00:00:00.0002193" startTime="2011-11-18T15:56:10.5450000-05:00" endTime="2011-11-18T15:56:10.5510000-05:00" testType="13cdc9d9-ddb5-4fa4-a97d-d965ccfc6d4b" outcome="Passed" testListId="8c84fa94-04c1-424b-9868-57a2d4851a1d" relativeResultsDirectory="b617576b-f96b-4083-99b3-4e7255d640e9">
    </UnitTestResult>
    <UnitTestResult executionId="884e0bd8-e553-4708-9193-167ef6a65898" testId="6d55685b-46f4-fde8-e798-159cd8416ab5" testName="NaNNotEqual" computerName="MENORIG" duration="00:00:00.0002060" startTime="2011-11-18T15:56:10.5530000-05:00" endTime="2011-11-18T15:56:10.5590000-05:00" testType="13cdc9d9-ddb5-4fa4-a97d-d965ccfc6d4b" outcome="Passed" testListId="8c84fa94-04c1-424b-9868-57a2d4851a1d" relativeResultsDirectory="884e0bd8-e553-4708-9193-167ef6a65898">
    </UnitTestResult>
    <UnitTestResult executionId="3ae35c4b-b200-43c4-9702-6536c7060be4" testId="795dc389-0911-fa25-be60-c425546d2806" testName="FindObjectByUid" computerName="MENORIG" duration="00:00:00.0028842" startTime="2011-11-18T15:56:10.5600000-05:00" endTime="2011-11-18T15:56:10.5690000-05:00" testType="13cdc9d9-ddb5-4fa4-a97d-d965ccfc6d4b" outcome="Failed" testListId="8c84fa94-04c1-424b-9868-57a2d4851a1d" relativeResultsDirectory="3ae35c4b-b200-43c4-9702-6536c7060be4">
      <Output>
        <ErrorInfo>
          <Message>Test method Friendly_Wars_Test.WorldTest.FindObjectByUid threw exception: 
System.IO.FileNotFoundException: Could not load file or assembly 'System.Windows, Version=2.0.5.0, Culture=neutral, PublicKeyToken=7cec85d7bea7798e' or one of its dependencies. The system cannot find the file specified.WRN: Assembly binding logging is turned OFF.
To enable assembly bind failure logging, set the registry value [HKLM\Software\Microsoft\Fusion!EnableLog] (DWORD) to 1.
Note: There is some performance penalty associated with assembly bind failure logging.
To turn this feature off, remove the registry value [HKLM\Software\Microsoft\Fusion!EnableLog].
</Message>
          <StackTrace>    at Friendly_Wars.Engine.Utilities.EngineTimer.Start()
   at Friendly_Wars.Engine.Object.World..ctor() in D:\Coolege\OOSE\Angry Friends\angry-friends\Friendly Wars\Engine\Object\World.cs:line 53
   at Friendly_Wars.Engine.Object.World.get_Instance() in D:\Coolege\OOSE\Angry Friends\angry-friends\Friendly Wars\Engine\Object\World.cs:line 66
   at Friendly_Wars_Test.WorldTest.FindObjectByUid() in D:\Coolege\OOSE\Angry Friends\angry-friends\Friendly Wars Test\WorldTest.cs:line 220
</StackTrace>
        </ErrorInfo>
      </Output>
    </UnitTestResult>
    <UnitTestResult executionId="d0b4203b-1420-4ea6-aef6-9c3a7daf8c8c" testId="7a48a561-7515-6c45-9a04-9adbc9084e78" testName="UpdateEmptyWorldNegativeDelta" computerName="MENORIG" duration="00:00:00.0027170" startTime="2011-11-18T15:56:10.5700000-05:00" endTime="2011-11-18T15:56:10.5790000-05:00" testType="13cdc9d9-ddb5-4fa4-a97d-d965ccfc6d4b" outcome="Failed" testListId="8c84fa94-04c1-424b-9868-57a2d4851a1d" relativeResultsDirectory="d0b4203b-1420-4ea6-aef6-9c3a7daf8c8c">
      <Output>
        <ErrorInfo>
          <Message>Test method Friendly_Wars_Test.WorldTest.UpdateEmptyWorldNegativeDelta threw exception System.IO.FileNotFoundException, but exception System.ArgumentException was expected. Exception message: System.IO.FileNotFoundException: Could not load file or assembly 'System.Windows, Version=2.0.5.0, Culture=neutral, PublicKeyToken=7cec85d7bea7798e' or one of its dependencies. The system cannot find the file specified.WRN: Assembly binding logging is turned OFF.
To enable assembly bind failure logging, set the registry value [HKLM\Software\Microsoft\Fusion!EnableLog] (DWORD) to 1.
Note: There is some performance penalty associated with assembly bind failure logging.
To turn this feature off, remove the registry value [HKLM\Software\Microsoft\Fusion!EnableLog].
</Message>
          <StackTrace>    at Friendly_Wars.Engine.Utilities.EngineTimer.Start()
   at Friendly_Wars.Engine.Object.World..ctor() in D:\Coolege\OOSE\Angry Friends\angry-friends\Friendly Wars\Engine\Object\World.cs:line 53
   at Friendly_Wars.Engine.Object.World.get_Instance() in D:\Coolege\OOSE\Angry Friends\angry-friends\Friendly Wars\Engine\Object\World.cs:line 66
   at Friendly_Wars_Test.WorldTest.UpdateEmptyWorldNegativeDelta() in D:\Coolege\OOSE\Angry Friends\angry-friends\Friendly Wars Test\WorldTest.cs:line 250
</StackTrace>
        </ErrorInfo>
      </Output>
    </UnitTestResult>
    <UnitTestResult executionId="75b24831-d580-4ee9-b831-cba14d31d52f" testId="7de7a0d5-d295-53e2-8962-c1954227c321" testName="FindObjectByNegativeUid" computerName="MENORIG" duration="00:00:00.0025663" startTime="2011-11-18T15:56:10.5810000-05:00" endTime="2011-11-18T15:56:10.5880000-05:00" testType="13cdc9d9-ddb5-4fa4-a97d-d965ccfc6d4b" outcome="Failed" testListId="8c84fa94-04c1-424b-9868-57a2d4851a1d" relativeResultsDirectory="75b24831-d580-4ee9-b831-cba14d31d52f">
      <Output>
        <ErrorInfo>
          <Message>Test method Friendly_Wars_Test.WorldTest.FindObjectByNegativeUid threw exception: 
System.IO.FileNotFoundException: Could not load file or assembly 'System.Windows, Version=2.0.5.0, Culture=neutral, PublicKeyToken=7cec85d7bea7798e' or one of its dependencies. The system cannot find the file specified.WRN: Assembly binding logging is turned OFF.
To enable assembly bind failure logging, set the registry value [HKLM\Software\Microsoft\Fusion!EnableLog] (DWORD) to 1.
Note: There is some performance penalty associated with assembly bind failure logging.
To turn this feature off, remove the registry value [HKLM\Software\Microsoft\Fusion!EnableLog].
</Message>
          <StackTrace>    at Friendly_Wars.Engine.Utilities.EngineTimer.Start()
   at Friendly_Wars.Engine.Object.World..ctor() in D:\Coolege\OOSE\Angry Friends\angry-friends\Friendly Wars\Engine\Object\World.cs:line 53
   at Friendly_Wars.Engine.Object.World.get_Instance() in D:\Coolege\OOSE\Angry Friends\angry-friends\Friendly Wars\Engine\Object\World.cs:line 66
   at Friendly_Wars_Test.WorldTest.FindObjectByNegativeUid() in D:\Coolege\OOSE\Angry Friends\angry-friends\Friendly Wars Test\WorldTest.cs:line 237
</StackTrace>
        </ErrorInfo>
      </Output>
    </UnitTestResult>
    <UnitTestResult executionId="8b9a9232-8322-4d29-bb5c-b2d1cea791db" testId="864565a5-15df-1a8e-08aa-7d647653058c" testName="ZerosAndOtherNonEqual" computerName="MENORIG" duration="00:00:00.0002606" startTime="2011-11-18T15:56:10.5890000-05:00" endTime="2011-11-18T15:56:10.5950000-05:00" testType="13cdc9d9-ddb5-4fa4-a97d-d965ccfc6d4b" outcome="Passed" testListId="8c84fa94-04c1-424b-9868-57a2d4851a1d" relativeResultsDirectory="8b9a9232-8322-4d29-bb5c-b2d1cea791db">
    </UnitTestResult>
    <UnitTestResult executionId="f2a9401f-ac56-4bce-86c2-51983d1ddca7" testId="8ad7aad0-0e68-a4a8-1377-1068d3be66a3" testName="AddGameObjectDifferentNames" computerName="MENORIG" duration="00:00:00.0024588" startTime="2011-11-18T15:56:10.5960000-05:00" endTime="2011-11-18T15:56:10.6030000-05:00" testType="13cdc9d9-ddb5-4fa4-a97d-d965ccfc6d4b" outcome="Failed" testListId="8c84fa94-04c1-424b-9868-57a2d4851a1d" relativeResultsDirectory="f2a9401f-ac56-4bce-86c2-51983d1ddca7">
      <Output>
        <ErrorInfo>
          <Message>Test method Friendly_Wars_Test.WorldTest.AddGameObjectDifferentNames threw exception: 
System.IO.FileNotFoundException: Could not load file or assembly 'System.Windows, Version=2.0.5.0, Culture=neutral, PublicKeyToken=7cec85d7bea7798e' or one of its dependencies. The system cannot find the file specified.WRN: Assembly binding logging is turned OFF.
[...]
System.IO.FileNotFoundException: Could not load file or assembly 'System.Windows, Version=2.0.5.0, Culture=neutral, PublicKeyToken=7cec85d7bea7798e' or one of its dependencies. The system cannot find the file specified.WRN: Assembly binding logging is turned OFF.
To enable assembly bind failure logging, set the registry value [HKLM\Software\Microsoft\Fusion!EnableLog] (DWORD) to 1.
Note: There is some performance penalty associated with assembly bind failure logging.
To turn this feature off, remove the registry value [HKLM\Software\Microsoft\Fusion!EnableLog].
</Message>
          <StackTrace>    at Friendly_Wars.Engine.Utilities.EngineTimer.Start()
   at Friendly_Wars.Engine.Object.World..ctor() in D:\Coolege\OOSE\Angry Friends\angry-friends\Friendly Wars\Engine\Object\World.cs:line 53
   at Friendly_Wars.Engine.Object.World.get_Instance() in D:\Coolege\OOSE\Angry Friends\angry-friends\Friendly Wars\Engine\Object\World.cs:line 66
   at Friendly_Wars_Test.WorldTest.FindObjectsByTag() in D:\Coolege\OOSE\Angry Friends\angry-friends\Friendly Wars Test\WorldTest.cs:line 206
</StackTrace>
        </ErrorInfo>
      </Output>
    </UnitTestResult>
    <UnitTestResult executionId="71d54b98-ce02-405f-8dd8-46d35b0322b0" testId="97380f47-e96b-7bf5-bbc0-e66396568034" testName="ClampNoNeed" computerName="MENORIG" duration="00:00:00.0001941" startTime="2011-11-18T15:56:10.6220000-05:00" endTime="2011-11-18T15:56:10.6280000-05:00" testType="13cdc9d9-ddb5-4fa4-a97d-d965ccfc6d4b" outcome="Passed" testListId="8c84fa94-04c1-424b-9868-57a2d4851a1d" relativeResultsDirectory="71d54b98-ce02-405f-8dd8-46d35b0322b0">
    </UnitTestResult>
    <UnitTestResult executionId="d08f2ff3-4b2a-4452-b7ed-83365ce14884" testId="97544b50-16de-707c-78c9-3eb4b06536b3" testName="UpdateEmptyWorldPInfiniteDelta" computerName="MENORIG" duration="00:00:00.0026363" startTime="2011-11-18T15:56:10.6290000-05:00" endTime="2011-11-18T15:56:10.6360000-05:00" testType="13cdc9d9-ddb5-4fa4-a97d-d965ccfc6d4b" outcome="Failed" testListId="8c84fa94-04c1-424b-9868-57a2d4851a1d" relativeResultsDirectory="d08f2ff3-4b2a-4452-b7ed-83365ce14884">
      <Output>
        <ErrorInfo>
          <Message>Test method Friendly_Wars_Test.WorldTest.UpdateEmptyWorldPInfiniteDelta threw exception System.IO.FileNotFoundException, but exception System.ArgumentException was expected. Exception message: System.IO.FileNotFoundException: Could not load file or assembly 'System.Windows, Version=2.0.5.0, Culture=neutral, PublicKeyToken=7cec85d7bea7798e' or one of its dependencies. The system cannot find the file specified.WRN: Assembly binding logging is turned OFF.
To enable assembly bind failure logging, set the registry value [HKLM\Software\Microsoft\Fusion!EnableLog] (DWORD) to 1.
Note: There is some performance penalty associated with assembly bind failure logging.
To turn this feature off, remove the registry value [HKLM\Software\Microsoft\Fusion!EnableLog].
</Message>
          <StackTrace>    at Friendly_Wars.Engine.Utilities.EngineTimer.Start()
   at Friendly_Wars.Engine.Object.World..ctor() in D:\Coolege\OOSE\Angry Friends\angry-friends\Friendly Wars\Engine\Object\World.cs:line 53
   at Friendly_Wars.Engine.Object.World.get_Instance() in D:\Coolege\OOSE\Angry Friends\angry-friends\Friendly Wars\Engine\Object\World.cs:line 66
   at Friendly_Wars_Test.WorldTest.UpdateEmptyWorldPInfiniteDelta() in D:\Coolege\OOSE\Angry Friends\angry-friends\Friendly Wars Test\WorldTest.cs:line 256
</StackTrace>
        </ErrorInfo>
      </Output>
    </UnitTestResult>
    <UnitTestResult executionId="253eecd5-4baa-4019-ace0-353cd0dd24f4" testId="98147b86-ba17-040b-ad0c-2a1b372e0074" testName="UpdateEmptyWorld" computerName="MENORIG" duration="00:00:00.0027652" startTime="2011-11-18T15:56:10.6370000-05:00" endTime="2011-11-18T15:56:10.6450000-05:00" testType="13cdc9d9-ddb5-4fa4-a97d-d965ccfc6d4b" outcome="Failed" testListId="8c84fa94-04c1-424b-9868-57a2d4851a1d" relativeResultsDirectory="253eecd5-4baa-4019-ace0-353cd0dd24f4">
      <Output>
        <ErrorInfo>
          <Message>Test method Friendly_Wars_Test.WorldTest.UpdateEmptyWorld threw exception: 
System.IO.FileNotFoundException: Could not load file or assembly 'System.Windows, Version=2.0.5.0, Culture=neutral, PublicKeyToken=7cec85d7bea7798e' or one of its dependencies. The system cannot find the file specified.WRN: Assembly binding logging is turned OFF.
To enable assembly bind failure logging, set the registry value [HKLM\Software\Microsoft\Fusion!EnableLog] (DWORD) to 1.
Note: There is some performance penalty associated with assembly bind failure logging.
To turn this feature off, remove the registry value [HKLM\Software\Microsoft\Fusion!EnableLog].
</Message>
          <StackTrace>    at Friendly_Wars.Engine.Utilities.EngineTimer.Start()
   at Friendly_Wars.Engine.Object.World..ctor() in D:\Coolege\OOSE\Angry Friends\angry-friends\Friendly Wars\Engine\Object\World.cs:line 53
   at Friendly_Wars.Engine.Object.World.get_Instance() in D:\Coolege\OOSE\Angry Friends\angry-friends\Friendly Wars\Engine\Object\World.cs:line 66
   at Friendly_Wars_Test.WorldTest.UpdateEmptyWorld() in D:\Coolege\OOSE\Angry Friends\angry-friends\Friendly Wars Test\WorldTest.cs:line 244
</StackTrace>
        </ErrorInfo>
      </Output>
    </UnitTestResult>
    <UnitTestResult executionId="6396e2bb-132a-4a6b-8b3d-218247c303f1" testId="9ed78184-81e5-6c11-8c6b-21128c71be1f" testName="Create" computerName="MENORIG" duration="00:00:00.0026888" startTime="2011-11-18T15:56:10.6460000-05:00" endTime="2011-11-18T15:56:10.6540000-05:00" testType="13cdc9d9-ddb5-4fa4-a97d-d965ccfc6d4b" outcome="Failed" testListId="8c84fa94-04c1-424b-9868-57a2d4851a1d" relativeResultsDirectory="6396e2bb-132a-4a6b-8b3d-218247c303f1">
      <Output>
        <ErrorInfo>
          <Message>Test method Friendly_Wars_Test.WorldTest.Create threw exception: 
System.IO.FileNotFoundException: Could not load file or assembly 'System.Windows, Version=2.0.5.0, Culture=neutral, PublicKeyToken=7cec85d7bea7798e' or one of its dependencies. The system cannot find the file specified.WRN: Assembly binding logging is turned OFF.
To enable assembly bind failure logging, set the registry value [HKLM\Software\Microsoft\Fusion!EnableLog] (DWORD) to 1.
Note: There is some performance penalty associated with assembly bind failure logging.
To turn this feature off, remove the registry value [HKLM\Software\Microsoft\Fusion!EnableLog].
</Message>
          <StackTrace>    at Friendly_Wars.Engine.Utilities.EngineTimer.Start()
   at Friendly_Wars.Engine.Object.World..ctor() in D:\Coolege\OOSE\Angry Friends\angry-friends\Friendly Wars\Engine\Object\World.cs:line 53
   at Friendly_Wars.Engine.Object.World.get_Instance() in D:\Coolege\OOSE\Angry Friends\angry-friends\Friendly Wars\Engine\Object\World.cs:line 66
   at Friendly_Wars_Test.WorldTest.Create() in D:\Coolege\OOSE\Angry Friends\angry-friends\Friendly Wars Test\WorldTest.cs:line 17
</StackTrace>
        </ErrorInfo>
      </Output>
    </UnitTestResult>
    <UnitTestResult executionId="b434f88d-80fb-4d12-b467-57a00dbbd030" testId="afde20b2-0546-cd22-3a9e-fc41c35117a1" testName="InfinityEqual" computerName="MENORIG" duration="00:00:00.0249005" startTime="2011-11-18T15:56:10.6550000-05:00" endTime="2011-11-18T15:56:10.6850000-05:00" testType="13cdc9d9-ddb5-4fa4-a97d-d965ccfc6d4b" outcome="Failed" testListId="8c84fa94-04c1-424b-9868-57a2d4851a1d" relativeResultsDirectory="b434f88d-80fb-4d12-b467-57a00dbbd030">
      <Output>
        <ErrorInfo>
          <Message>Assert.IsTrue failed. </Message>
          <StackTrace>   at Friendly_Wars_Test.EngineMathTest.InfinityEqual() in D:\Coolege\OOSE\Angry Friends\angry-friends\Friendly Wars Test\EngineMathTest.cs:line 52
</StackTrace>
        </ErrorInfo>
      </Output>
    </UnitTestResult>
    <UnitTestResult executionId="d2c34555-21f5-4ad1-af7e-08b58ae5bc01" testId="c3f63d5d-22cf-5484-dee1-a915c47cb523" testName="ZerosEqual" computerName="MENORIG" duration="00:00:00.0002854" startTime="2011-11-18T15:56:10.6860000-05:00" endTime="2011-11-18T15:56:10.6920000-05:00" testType="13cdc9d9-ddb5-4fa4-a97d-d965ccfc6d4b" outcome="Passed" testListId="8c84fa94-04c1-424b-9868-57a2d4851a1d" relativeResultsDirectory="d2c34555-21f5-4ad1-af7e-08b58ae5bc01">
    </UnitTestResult>
    <UnitTestResult executionId="cef5a686-4466-44d9-a4f3-8d522879a102" testId="c51a11f3-9964-c8c3-04fd-f547baaaed0d" testName="NonEqual" computerName="MENORIG" duration="00:00:00.0001514" startTime="2011-11-18T15:56:10.6930000-05:00" endTime="2011-11-18T15:56:10.6980000-05:00" testType="13cdc9d9-ddb5-4fa4-a97d-d965ccfc6d4b" outcome="Passed" testListId="8c84fa94-04c1-424b-9868-57a2d4851a1d" relativeResultsDirectory="cef5a686-4466-44d9-a4f3-8d522879a102">
    </UnitTestResult>
    <UnitTestResult executionId="e229abd7-7653-4921-ae5d-846203d3153b" testId="c9509a84-3973-4caa-0861-5d2d1a0da226" testName="ClampFromAbove" computerName="MENORIG" duration="00:00:00.0002180" startTime="2011-11-18T15:56:10.6990000-05:00" endTime="2011-11-18T15:56:10.7040000-05:00" testType="13cdc9d9-ddb5-4fa4-a97d-d965ccfc6d4b" outcome="Passed" testListId="8c84fa94-04c1-424b-9868-57a2d4851a1d" relativeResultsDirectory="e229abd7-7653-4921-ae5d-846203d3153b">
    </UnitTestResult>
    <UnitTestResult executionId="79fe766b-985a-4d5a-9300-312d93d79903" testId="cec834ae-44f0-06b2-1f3f-f2c8153f0e0b" testName="FindObjectsBySameName" computerName="MENORIG" duration="00:00:00.0028275" startTime="2011-11-18T15:56:10.7060000-05:00" endTime="2011-11-18T15:56:10.7130000-05:00" testType="13cdc9d9-ddb5-4fa4-a97d-d965ccfc6d4b" outcome="Failed" testListId="8c84fa94-04c1-424b-9868-57a2d4851a1d" relativeResultsDirectory="79fe766b-985a-4d5a-9300-312d93d79903">
      <Output>
        <ErrorInfo>
          <Message>Test method Friendly_Wars_Test.WorldTest.FindObjectsBySameName threw exception: 
System.IO.FileNotFoundException: Could not load file or assembly 'System.Windows, Version=2.0.5.0, Culture=neutral, PublicKeyToken=7cec85d7bea7798e' or one of its dependencies. The system cannot find the file specified.WRN: Assembly binding logging is turned OFF.
To enable assembly bind failure logging, set the registry value [HKLM\Software\Microsoft\Fusion!EnableLog] (DWORD) to 1.
Note: There is some performance penalty associated with assembly bind failure logging.
To turn this feature off, remove the registry value [HKLM\Software\Microsoft\Fusion!EnableLog].
</Message>
          <StackTrace>    at Friendly_Wars.Engine.Utilities.EngineTimer.Start()
   at Friendly_Wars.Engine.Object.World..ctor() in D:\Coolege\OOSE\Angry Friends\angry-friends\Friendly Wars\Engine\Object\World.cs:line 53
   at Friendly_Wars.Engine.Object.World.get_Instance() in D:\Coolege\OOSE\Angry Friends\angry-friends\Friendly Wars\Engine\Object\World.cs:line 66
   at Friendly_Wars_Test.WorldTest.FindObjectsBySameName() in D:\Coolege\OOSE\Angry Friends\angry-friends\Friendly Wars Test\WorldTest.cs:line 161
</StackTrace>
        </ErrorInfo>
      </Output>
    </UnitTestResult>
    <UnitTestResult executionId="42c86c3b-5ceb-4011-b848-44786e1d6c98" testId="da3cd83c-4bbd-1ed1-c5b3-f5722ce9b538" testName="AddNullGameObject" computerName="MENORIG" duration="00:00:00.0023539" startTime="2011-11-18T15:56:10.7140000-05:00" endTime="2011-11-18T15:56:10.7210000-05:00" testType="13cdc9d9-ddb5-4fa4-a97d-d965ccfc6d4b" outcome="Failed" testListId="8c84fa94-04c1-424b-9868-57a2d4851a1d" relativeResultsDirectory="42c86c3b-5ceb-4011-b848-44786e1d6c98">
      <Output>
        <ErrorInfo>
          <Message>Test method Friendly_Wars_Test.WorldTest.AddNullGameObject threw exception System.IO.FileNotFoundException, but exception System.ArgumentNullException was expected. Exception message: System.IO.FileNotFoundException: Could not load file or assembly 'System.Windows, Version=2.0.5.0, Culture=neutral, PublicKeyToken=7cec85d7bea7798e' or one of its dependencies. The system cannot find the file specified.WRN: Assembly binding logging is turned OFF.
To enable assembly bind failure logging, set the registry value [HKLM\Software\Microsoft\Fusion!EnableLog] (DWORD) to 1.
Note: There is some performance penalty associated with assembly bind failure logging.
To turn this feature off, remove the registry value [HKLM\Software\Microsoft\Fusion!EnableLog].
</Message>
          <StackTrace>    at Friendly_Wars.Engine.Utilities.EngineTimer.Start()
   at Friendly_Wars.Engine.Object.World..ctor() in D:\Coolege\OOSE\Angry Friends\angry-friends\Friendly Wars\Engine\Object\World.cs:line 53
   at Friendly_Wars.Engine.Object.World.get_Instance() in D:\Coolege\OOSE\Angry Friends\angry-friends\Friendly Wars\Engine\Object\World.cs:line 66
   at Friendly_Wars_Test.WorldTest.AddNullGameObject() in D:\Coolege\OOSE\Angry Friends\angry-friends\Friendly Wars Test\WorldTest.cs:line 81
</StackTrace>
        </ErrorInfo>
      </Output>
    </UnitTestResult>
    <UnitTestResult executionId="45e1c32a-0a43-4865-b2fb-36037ccadf1f" testId="da5a3ff1-16a7-80e0-2357-ad8369abac4d" testName="Create" computerName="MENORIG" duration="00:00:00.0028902" startTime="2011-11-18T15:56:10.7230000-05:00" endTime="2011-11-18T15:56:10.7310000-05:00" testType="13cdc9d9-ddb5-4fa4-a97d-d965ccfc6d4b" outcome="Failed" testListId="8c84fa94-04c1-424b-9868-57a2d4851a1d" relativeResultsDirectory="45e1c32a-0a43-4865-b2fb-36037ccadf1f">
      <Output>
        <ErrorInfo>
          <Message>Test method Friendly_Wars_Test.GameTest.Create threw exception: 
System.IO.FileNotFoundException: Could not load file or assembly 'System.Windows, Version=2.0.5.0, Culture=neutral, PublicKeyToken=7cec85d7bea7798e' or one of its dependencies. The system cannot find the file specified.WRN: Assembly binding logging is turned OFF.
To enable assembly bind failure logging, set the registry value [HKLM\Software\Microsoft\Fusion!EnableLog] (DWORD) to 1.
Note: There is some performance penalty associated with assembly bind failure logging.
To turn this feature off, remove the registry value [HKLM\Software\Microsoft\Fusion!EnableLog].
</Message>
          <StackTrace>    at Friendly_Wars.Engine.Utilities.EngineTimer.Start()
   at Friendly_Wars.Engine.Object.World..ctor() in D:\Coolege\OOSE\Angry Friends\angry-friends\Friendly Wars\Engine\Object\World.cs:line 53
   at Friendly_Wars.Engine.Object.World.get_Instance() in D:\Coolege\OOSE\Angry Friends\angry-friends\Friendly Wars\Engine\Object\World.cs:line 66
   at Friendly_Wars.GameLogic.Game..ctor() in D:\Coolege\OOSE\Angry Friends\angry-friends\Friendly Wars\GameLogic\Game.cs:line 29
   at Friendly_Wars_Test.GameTest.Create() in D:\Coolege\OOSE\Angry Friends\angry-friends\Friendly Wars Test\GameTest.cs:line 16
</StackTrace>
        </ErrorInfo>
      </Output>
    </UnitTestResult>
    <UnitTestResult executionId="2b01f390-ab84-46e9-a4ce-603b6b7fdbb6" testId="dd086e4f-c994-08da-5de0-fb43ead512fb" testName="RedrawQueue" computerName="MENORIG" duration="00:00:00.0001233" startTime="2011-11-18T15:56:10.7320000-05:00" endTime="2011-11-18T15:56:10.7370000-05:00" testType="13cdc9d9-ddb5-4fa4-a97d-d965ccfc6d4b" outcome="Passed" testListId="8c84fa94-04c1-424b-9868-57a2d4851a1d" relativeResultsDirectory="2b01f390-ab84-46e9-a4ce-603b6b7fdbb6">
    </UnitTestResult>
    <UnitTestResult executionId="72d1c2d1-a29d-45b9-bbe2-892a456a81fd" testId="de3c044a-56e0-03c5-3209-f32608ed4049" testName="FindObjectByNonMatchingName" computerName="MENORIG" duration="00:00:00.0026227" startTime="2011-11-18T15:56:10.7390000-05:00" endTime="2011-11-18T15:56:10.7460000-05:00" testType="13cdc9d9-ddb5-4fa4-a97d-d965ccfc6d4b" outcome="Failed" testListId="8c84fa94-04c1-424b-9868-57a2d4851a1d" relativeResultsDirectory="72d1c2d1-a29d-45b9-bbe2-892a456a81fd">
      <Output>
        <ErrorInfo>
          <Message>Test method Friendly_Wars_Test.WorldTest.FindObjectByNonMatchingName threw exception: 
System.IO.FileNotFoundException: Could not load file or assembly 'System.Windows, Version=2.0.5.0, Culture=neutral, PublicKeyToken=7cec85d7bea7798e' or one of its dependencies. The system cannot find the file specified.WRN: Assembly binding logging is turned OFF.
To enable assembly bind failure logging, set the registry value [HKLM\Software\Microsoft\Fusion!EnableLog] (DWORD) to 1.
Note: There is some performance penalty associated with assembly bind failure logging.
To turn this feature off, remove the registry value [HKLM\Software\Microsoft\Fusion!EnableLog].
</Message>
          <StackTrace>    at Friendly_Wars.Engine.Utilities.EngineTimer.Start()
   at Friendly_Wars.Engine.Object.World..ctor() in D:\Coolege\OOSE\Angry Friends\angry-friends\Friendly Wars\Engine\Object\World.cs:line 53
   at Friendly_Wars.Engine.Object.World.get_Instance() in D:\Coolege\OOSE\Angry Friends\angry-friends\Friendly Wars\Engine\Object\World.cs:line 66
   at Friendly_Wars_Test.WorldTest.FindObjectByNonMatchingName() in D:\Coolege\OOSE\Angry Friends\angry-friends\Friendly Wars Test\WorldTest.cs:line 151
</StackTrace>
        </ErrorInfo>
      </Output>
    </UnitTestResult>
    <UnitTestResult executionId="7065a9c6-34bd-41f4-a04b-5371959e4a27" testId="e73ca61a-ac0c-aa3e-48bc-61dd459523d5" testName="FindObjectByNullTag" computerName="MENORIG" duration="00:00:00.0026210" startTime="2011-11-18T15:56:10.7480000-05:00" endTime="2011-11-18T15:56:10.7550000-05:00" testType="13cdc9d9-ddb5-4fa4-a97d-d965ccfc6d4b" outcome="Failed" testListId="8c84fa94-04c1-424b-9868-57a2d4851a1d" relativeResultsDirectory="7065a9c6-34bd-41f4-a04b-5371959e4a27">
      <Output>
        <ErrorInfo>
          <Message>Test method Friendly_Wars_Test.WorldTest.FindObjectByNullTag threw exception: 
System.IO.FileNotFoundException: Could not load file or assembly 'System.Windows, Version=2.0.5.0, Culture=neutral, PublicKeyToken=7cec85d7bea7798e' or one of its dependencies. The system cannot find the file specified.WRN: Assembly binding logging is turned OFF.
To enable assembly bind failure logging, set the registry value [HKLM\Software\Microsoft\Fusion!EnableLog] (DWORD) to 1.
Note: There is some performance penalty associated with assembly bind failure logging.
To turn this feature off, remove the registry value [HKLM\Software\Microsoft\Fusion!EnableLog].
</Message>
          <StackTrace>    at Friendly_Wars.Engine.Utilities.EngineTimer.Start()
   at Friendly_Wars.Engine.Object.World..ctor() in D:\Coolege\OOSE\Angry Friends\angry-friends\Friendly Wars\Engine\Object\World.cs:line 53
   at Friendly_Wars.Engine.Object.World.get_Instance() in D:\Coolege\OOSE\Angry Friends\angry-friends\Friendly Wars\Engine\Object\World.cs:line 66
   at Friendly_Wars_Test.WorldTest.FindObjectByNullTag() in D:\Coolege\OOSE\Angry Friends\angry-friends\Friendly Wars Test\WorldTest.cs:line 187
</StackTrace>
        </ErrorInfo>
      </Output>
    </UnitTestResult>
    <UnitTestResult executionId="feced855-33b0-47b1-91ae-9e10097a726a" testId="fbb29759-04b2-8d83-bd32-96dcd1652ca9" testName="UpdateGameObject" computerName="MENORIG" duration="00:00:00.0001459" startTime="2011-11-18T15:56:10.7560000-05:00" endTime="2011-11-18T15:56:10.7610000-05:00" testType="13cdc9d9-ddb5-4fa4-a97d-d965ccfc6d4b" outcome="Passed" testListId="8c84fa94-04c1-424b-9868-57a2d4851a1d" relativeResultsDirectory="feced855-33b0-47b1-91ae-9e10097a726a">
    </UnitTestResult>
    <UnitTestResult executionId="ec56e95e-b8c2-4503-a302-5a54cb1fb0a4" testId="fe729062-87b7-bade-022a-3278e2441a36" testName="ExactlyEqual" computerName="MENORIG" duration="00:00:00.0001685" startTime="2011-11-18T15:56:10.7630000-05:00" endTime="2011-11-18T15:56:10.7690000-05:00" testType="13cdc9d9-ddb5-4fa4-a97d-d965ccfc6d4b" outcome="Passed" testListId="8c84fa94-04c1-424b-9868-57a2d4851a1d" relativeResultsDirectory="ec56e95e-b8c2-4503-a302-5a54cb1fb0a4">
    </UnitTestResult>
  </Results>
</TestRun>